<?xml version="1.0" encoding="UTF-8"?>
<coverage generated="1772473543809" clover="3.2.0">
  <project timestamp="1772473543809" name="All files">
    <metrics statements="550" coveredstatements="529" conditionals="401" coveredconditionals="295" methods="204" coveredmethods="192" elements="1155" coveredelements="1016" complexity="0" loc="550" ncloc="550" packages="13" files="55" classes="55"/>
    <package name="src">
      <metrics statements="3" coveredstatements="3" conditionals="0" coveredconditionals="0" methods="1" coveredmethods="1"/>
      <file name="App.tsx" path="/home/parrot/CloudLine/frontend/src/App.tsx">
        <metrics statements="3" coveredstatements="3" conditionals="0" coveredconditionals="0" methods="1" coveredmethods="1"/>
        <line num="23" count="1" type="stmt"/>
        <line num="32" count="1" type="stmt"/>
        <line num="74" count="2" type="stmt"/>
      </file>
    </package>
    <package name="src.api">
      <metrics statements="60" coveredstatements="59" conditionals="18" coveredconditionals="15" methods="22" coveredmethods="21"/>
      <file name="client.ts" path="/home/parrot/CloudLine/frontend/src/api/client.ts">
        <metrics statements="15" coveredstatements="14" conditionals="11" coveredconditionals="10" methods="3" coveredmethods="2"/>
        <line num="4" count="2" type="cond" truecount="2" falsecount="0"/>
        <line num="6" count="2" type="stmt"/>
        <line num="14" count="2" type="stmt"/>
        <line num="15" count="2" type="stmt"/>
        <line num="16" count="2" type="cond" truecount="2" falsecount="0"/>
        <line num="17" count="1" type="stmt"/>
        <line num="19" count="2" type="stmt"/>
        <line num="29" count="2" type="stmt"/>
        <line num="30" count="0" type="stmt"/>
        <line num="32" count="3" type="cond" truecount="2" falsecount="0"/>
        <line num="33" count="1" type="stmt"/>
        <line num="34" count="1" type="stmt"/>
        <line num="35" count="1" type="stmt"/>
        <line num="37" count="3" type="stmt"/>
        <line num="45" count="3" type="stmt"/>
      </file>
      <file name="compliance.ts" path="/home/parrot/CloudLine/frontend/src/api/compliance.ts">
        <metrics statements="2" coveredstatements="2" conditionals="0" coveredconditionals="0" methods="1" coveredmethods="1"/>
        <line num="5" count="1" type="stmt"/>
        <line num="8" count="1" type="stmt"/>
      </file>
      <file name="drift.ts" path="/home/parrot/CloudLine/frontend/src/api/drift.ts">
        <metrics statements="2" coveredstatements="2" conditionals="0" coveredconditionals="0" methods="1" coveredmethods="1"/>
        <line num="10" count="2" type="stmt"/>
        <line num="14" count="2" type="stmt"/>
      </file>
      <file name="health.ts" path="/home/parrot/CloudLine/frontend/src/api/health.ts">
        <metrics statements="2" coveredstatements="2" conditionals="0" coveredconditionals="0" methods="1" coveredmethods="1"/>
        <line num="5" count="1" type="stmt"/>
        <line num="8" count="1" type="stmt"/>
      </file>
      <file name="remediation.ts" path="/home/parrot/CloudLine/frontend/src/api/remediation.ts">
        <metrics statements="14" coveredstatements="14" conditionals="0" coveredconditionals="0" methods="7" coveredmethods="7"/>
        <line num="18" count="1" type="stmt"/>
        <line num="21" count="1" type="stmt"/>
        <line num="28" count="1" type="stmt"/>
        <line num="31" count="1" type="stmt"/>
        <line num="39" count="1" type="stmt"/>
        <line num="43" count="1" type="stmt"/>
        <line num="51" count="1" type="stmt"/>
        <line num="55" count="1" type="stmt"/>
        <line num="61" count="2" type="stmt"/>
        <line num="65" count="2" type="stmt"/>
        <line num="69" count="1" type="stmt"/>
        <line num="72" count="1" type="stmt"/>
        <line num="79" count="1" type="stmt"/>
        <line num="83" count="1" type="stmt"/>
      </file>
      <file name="risk.ts" path="/home/parrot/CloudLine/frontend/src/api/risk.ts">
        <metrics statements="4" coveredstatements="4" conditionals="0" coveredconditionals="0" methods="2" coveredmethods="2"/>
        <line num="12" count="2" type="stmt"/>
        <line num="16" count="2" type="stmt"/>
        <line num="20" count="1" type="stmt"/>
        <line num="23" count="1" type="stmt"/>
      </file>
      <file name="scans.ts" path="/home/parrot/CloudLine/frontend/src/api/scans.ts">
        <metrics statements="2" coveredstatements="2" conditionals="0" coveredconditionals="0" methods="1" coveredmethods="1"/>
        <line num="5" count="1" type="stmt"/>
        <line num="8" count="1" type="stmt"/>
      </file>
      <file name="violations.ts" path="/home/parrot/CloudLine/frontend/src/api/violations.ts">
        <metrics statements="2" coveredstatements="2" conditionals="0" coveredconditionals="0" methods="1" coveredmethods="1"/>
        <line num="13" count="2" type="stmt"/>
        <line num="17" count="2" type="stmt"/>
      </file>
      <file name="websocket.ts" path="/home/parrot/CloudLine/frontend/src/api/websocket.ts">
        <metrics statements="17" coveredstatements="17" conditionals="7" coveredconditionals="5" methods="5" coveredmethods="5"/>
        <line num="12" count="6" type="cond" truecount="2" falsecount="0"/>
        <line num="13" count="6" type="cond" truecount="1" falsecount="1"/>
        <line num="16" count="6" type="stmt"/>
        <line num="17" count="6" type="cond" truecount="1" falsecount="1"/>
        <line num="21" count="6" type="stmt"/>
        <line num="23" count="6" type="stmt"/>
        <line num="24" count="1" type="stmt"/>
        <line num="27" count="6" type="stmt"/>
        <line num="28" count="2" type="stmt"/>
        <line num="29" count="2" type="stmt"/>
        <line num="30" count="2" type="stmt"/>
        <line num="32" count="1" type="stmt"/>
        <line num="36" count="6" type="stmt"/>
        <line num="37" count="1" type="stmt"/>
        <line num="40" count="6" type="stmt"/>
        <line num="41" count="1" type="stmt"/>
        <line num="44" count="6" type="stmt"/>
      </file>
    </package>
    <package name="src.components.alerts">
      <metrics statements="27" coveredstatements="27" conditionals="24" coveredconditionals="18" methods="15" coveredmethods="15"/>
      <file name="AlertBanner.tsx" path="/home/parrot/CloudLine/frontend/src/components/alerts/AlertBanner.tsx">
        <metrics statements="18" coveredstatements="18" conditionals="10" coveredconditionals="8" methods="8" coveredmethods="8"/>
        <line num="5" count="3" type="stmt"/>
        <line num="7" count="3" type="stmt"/>
        <line num="14" count="3" type="stmt"/>
        <line num="26" count="5" type="cond" truecount="2" falsecount="0"/>
        <line num="38" count="5" type="stmt"/>
        <line num="40" count="5" type="stmt"/>
        <line num="41" count="5" type="stmt"/>
        <line num="42" count="1" type="stmt"/>
        <line num="45" count="5" type="stmt"/>
        <line num="48" count="5" type="stmt"/>
        <line num="49" count="5" type="cond" truecount="1" falsecount="1"/>
        <line num="50" count="5" type="cond" truecount="1" falsecount="1"/>
        <line num="52" count="5" type="stmt"/>
        <line num="80" count="1" type="stmt"/>
        <line num="104" count="15" type="stmt"/>
        <line num="106" count="15" type="cond" truecount="2" falsecount="0"/>
        <line num="108" count="5" type="stmt"/>
        <line num="111" count="5" type="stmt"/>
      </file>
      <file name="DriftAlertFeed.tsx" path="/home/parrot/CloudLine/frontend/src/components/alerts/DriftAlertFeed.tsx">
        <metrics statements="9" coveredstatements="9" conditionals="14" coveredconditionals="10" methods="7" coveredmethods="7"/>
        <line num="6" count="4" type="stmt"/>
        <line num="7" count="4" type="stmt"/>
        <line num="15" count="4" type="cond" truecount="1" falsecount="1"/>
        <line num="19" count="4" type="cond" truecount="1" falsecount="1"/>
        <line num="31" count="4" type="stmt"/>
        <line num="33" count="1" type="stmt"/>
        <line num="68" count="11" type="stmt"/>
        <line num="71" count="11" type="stmt"/>
        <line num="105" count="4" type="stmt"/>
      </file>
    </package>
    <package name="src.components.auth">
      <metrics statements="11" coveredstatements="10" conditionals="8" coveredconditionals="7" methods="2" coveredmethods="2"/>
      <file name="ProtectedRoute.tsx" path="/home/parrot/CloudLine/frontend/src/components/auth/ProtectedRoute.tsx">
        <metrics statements="7" coveredstatements="6" conditionals="4" coveredconditionals="3" methods="1" coveredmethods="1"/>
        <line num="9" count="2" type="stmt"/>
        <line num="10" count="2" type="stmt"/>
        <line num="12" count="2" type="cond" truecount="1" falsecount="1"/>
        <line num="13" count="0" type="stmt"/>
        <line num="20" count="2" type="cond" truecount="2" falsecount="0"/>
        <line num="21" count="1" type="stmt"/>
        <line num="30" count="1" type="stmt"/>
      </file>
      <file name="RoleGuard.tsx" path="/home/parrot/CloudLine/frontend/src/components/auth/RoleGuard.tsx">
        <metrics statements="4" coveredstatements="4" conditionals="4" coveredconditionals="4" methods="1" coveredmethods="1"/>
        <line num="16" count="6" type="stmt"/>
        <line num="18" count="6" type="cond" truecount="2" falsecount="0"/>
        <line num="19" count="4" type="cond" truecount="2" falsecount="0"/>
        <line num="32" count="2" type="stmt"/>
      </file>
    </package>
    <package name="src.components.dashboard">
      <metrics statements="25" coveredstatements="23" conditionals="12" coveredconditionals="7" methods="14" coveredmethods="12"/>
      <file name="ComplianceScoreDonut.tsx" path="/home/parrot/CloudLine/frontend/src/components/dashboard/ComplianceScoreDonut.tsx">
        <metrics statements="6" coveredstatements="6" conditionals="4" coveredconditionals="1" methods="3" coveredmethods="3"/>
        <line num="13" count="1" type="stmt"/>
        <line num="18" count="3" type="stmt"/>
        <line num="23" count="12" type="stmt"/>
        <line num="26" count="3" type="cond" truecount="1" falsecount="1"/>
        <line num="32" count="3" type="stmt"/>
        <line num="50" count="6" type="stmt"/>
      </file>
      <file name="DomainDonut.tsx" path="/home/parrot/CloudLine/frontend/src/components/dashboard/DomainDonut.tsx">
        <metrics statements="7" coveredstatements="5" conditionals="0" coveredconditionals="0" methods="5" coveredmethods="3"/>
        <line num="14" count="1" type="stmt"/>
        <line num="24" count="2" type="stmt"/>
        <line num="25" count="1" type="stmt"/>
        <line num="34" count="2" type="stmt"/>
        <line num="50" count="0" type="stmt"/>
        <line num="54" count="1" type="stmt"/>
        <line num="65" count="0" type="stmt"/>
      </file>
      <file name="RiskCards.tsx" path="/home/parrot/CloudLine/frontend/src/components/dashboard/RiskCards.tsx">
        <metrics statements="7" coveredstatements="7" conditionals="6" coveredconditionals="4" methods="3" coveredmethods="3"/>
        <line num="10" count="1" type="stmt"/>
        <line num="33" count="1" type="stmt"/>
        <line num="41" count="2" type="stmt"/>
        <line num="49" count="8" type="stmt"/>
        <line num="50" count="8" type="cond" truecount="1" falsecount="1"/>
        <line num="51" count="8" type="stmt"/>
        <line num="75" count="2" type="stmt"/>
      </file>
      <file name="SeverityBar.tsx" path="/home/parrot/CloudLine/frontend/src/components/dashboard/SeverityBar.tsx">
        <metrics statements="5" coveredstatements="5" conditionals="2" coveredconditionals="2" methods="3" coveredmethods="3"/>
        <line num="15" count="1" type="stmt"/>
        <line num="22" count="1" type="stmt"/>
        <line num="32" count="4" type="stmt"/>
        <line num="38" count="1" type="stmt"/>
        <line num="61" count="4" type="stmt"/>
      </file>
    </package>
    <package name="src.components.layout">
      <metrics statements="30" coveredstatements="28" conditionals="30" coveredconditionals="17" methods="12" coveredmethods="11"/>
      <file name="Header.tsx" path="/home/parrot/CloudLine/frontend/src/components/layout/Header.tsx">
        <metrics statements="22" coveredstatements="20" conditionals="24" coveredconditionals="13" methods="8" coveredmethods="7"/>
        <line num="6" count="10" type="stmt"/>
        <line num="7" count="7" type="stmt"/>
        <line num="9" count="10" type="stmt"/>
        <line num="10" count="10" type="stmt"/>
        <line num="11" count="10" type="stmt"/>
        <line num="13" count="10" type="stmt"/>
        <line num="14" count="9" type="stmt"/>
        <line num="15" count="9" type="cond" truecount="2" falsecount="0"/>
        <line num="16" count="1" type="stmt"/>
        <line num="17" count="1" type="stmt"/>
        <line num="19" count="8" type="stmt"/>
        <line num="20" count="8" type="stmt"/>
        <line num="24" count="10" type="stmt"/>
        <line num="26" count="0" type="cond" truecount="0" falsecount="2"/>
        <line num="30" count="0" type="stmt"/>
        <line num="33" count="8" type="cond" truecount="2" falsecount="0"/>
        <line num="34" count="1" type="stmt"/>
        <line num="39" count="8" type="stmt"/>
        <line num="40" count="8" type="stmt"/>
        <line num="46" count="10" type="stmt"/>
        <line num="70" count="1" type="stmt"/>
        <line num="110" count="2" type="stmt"/>
      </file>
      <file name="Layout.tsx" path="/home/parrot/CloudLine/frontend/src/components/layout/Layout.tsx">
        <metrics statements="2" coveredstatements="2" conditionals="0" coveredconditionals="0" methods="1" coveredmethods="1"/>
        <line num="8" count="2" type="stmt"/>
        <line num="10" count="2" type="stmt"/>
      </file>
      <file name="Sidebar.tsx" path="/home/parrot/CloudLine/frontend/src/components/layout/Sidebar.tsx">
        <metrics statements="6" coveredstatements="6" conditionals="6" coveredconditionals="4" methods="3" coveredmethods="3"/>
        <line num="5" count="2" type="stmt"/>
        <line num="13" count="2" type="stmt"/>
        <line num="126" count="10" type="stmt"/>
        <line num="128" count="10" type="stmt"/>
        <line num="141" count="50" type="stmt"/>
        <line num="145" count="50" type="stmt"/>
      </file>
    </package>
    <package name="src.components.remediation">
      <metrics statements="53" coveredstatements="52" conditionals="87" coveredconditionals="69" methods="23" coveredmethods="22"/>
      <file name="AuditTrail.tsx" path="/home/parrot/CloudLine/frontend/src/components/remediation/AuditTrail.tsx">
        <metrics statements="11" coveredstatements="11" conditionals="12" coveredconditionals="10" methods="3" coveredmethods="3"/>
        <line num="4" count="2" type="stmt"/>
        <line num="11" count="5" type="stmt"/>
        <line num="13" count="5" type="cond" truecount="2" falsecount="0"/>
        <line num="14" count="1" type="stmt"/>
        <line num="17" count="5" type="stmt"/>
        <line num="26" count="4" type="cond" truecount="2" falsecount="0"/>
        <line num="27" count="1" type="stmt"/>
        <line num="36" count="3" type="cond" truecount="4" falsecount="0"/>
        <line num="37" count="2" type="stmt"/>
        <line num="44" count="1" type="stmt"/>
        <line num="71" count="1" type="stmt"/>
      </file>
      <file name="AutoConfigPanel.tsx" path="/home/parrot/CloudLine/frontend/src/components/remediation/AutoConfigPanel.tsx">
        <metrics statements="14" coveredstatements="14" conditionals="16" coveredconditionals="13" methods="5" coveredmethods="5"/>
        <line num="7" count="7" type="stmt"/>
        <line num="9" count="7" type="stmt"/>
        <line num="11" count="7" type="stmt"/>
        <line num="15" count="1" type="stmt"/>
        <line num="21" count="7" type="cond" truecount="2" falsecount="0"/>
        <line num="22" count="1" type="stmt"/>
        <line num="25" count="3" type="stmt"/>
        <line num="34" count="6" type="cond" truecount="2" falsecount="0"/>
        <line num="35" count="1" type="stmt"/>
        <line num="44" count="5" type="cond" truecount="4" falsecount="0"/>
        <line num="45" count="2" type="stmt"/>
        <line num="52" count="3" type="stmt"/>
        <line num="55" count="3" type="stmt"/>
        <line num="81" count="1" type="stmt"/>
      </file>
      <file name="ExecutePanel.tsx" path="/home/parrot/CloudLine/frontend/src/components/remediation/ExecutePanel.tsx">
        <metrics statements="9" coveredstatements="9" conditionals="18" coveredconditionals="16" methods="4" coveredmethods="4"/>
        <line num="11" count="45" type="stmt"/>
        <line num="12" count="45" type="stmt"/>
        <line num="13" count="45" type="stmt"/>
        <line num="15" count="45" type="stmt"/>
        <line num="16" count="1" type="cond" truecount="3" falsecount="1"/>
        <line num="17" count="1" type="stmt"/>
        <line num="26" count="45" type="stmt"/>
        <line num="41" count="36" type="stmt"/>
        <line num="52" count="2" type="stmt"/>
      </file>
      <file name="RemediationDetail.tsx" path="/home/parrot/CloudLine/frontend/src/components/remediation/RemediationDetail.tsx">
        <metrics statements="7" coveredstatements="6" conditionals="24" coveredconditionals="15" methods="5" coveredmethods="4"/>
        <line num="11" count="2" type="stmt"/>
        <line num="20" count="3" type="stmt"/>
        <line num="22" count="3" type="stmt"/>
        <line num="56" count="9" type="stmt"/>
        <line num="58" count="0" type="stmt"/>
        <line num="82" count="6" type="stmt"/>
        <line num="148" count="3" type="stmt"/>
      </file>
      <file name="RemediationList.tsx" path="/home/parrot/CloudLine/frontend/src/components/remediation/RemediationList.tsx">
        <metrics statements="5" coveredstatements="5" conditionals="4" coveredconditionals="4" methods="3" coveredmethods="3"/>
        <line num="15" count="4" type="cond" truecount="2" falsecount="0"/>
        <line num="16" count="1" type="stmt"/>
        <line num="23" count="3" type="stmt"/>
        <line num="26" count="3" type="stmt"/>
        <line num="28" count="1" type="stmt"/>
      </file>
      <file name="RollbackPanel.tsx" path="/home/parrot/CloudLine/frontend/src/components/remediation/RollbackPanel.tsx">
        <metrics statements="7" coveredstatements="7" conditionals="13" coveredconditionals="11" methods="3" coveredmethods="3"/>
        <line num="11" count="11" type="stmt"/>
        <line num="12" count="11" type="stmt"/>
        <line num="14" count="11" type="stmt"/>
        <line num="15" count="1" type="cond" truecount="1" falsecount="1"/>
        <line num="16" count="1" type="stmt"/>
        <line num="22" count="11" type="stmt"/>
        <line num="36" count="5" type="stmt"/>
      </file>
    </package>
    <package name="src.components.shared">
      <metrics statements="6" coveredstatements="6" conditionals="4" coveredconditionals="4" methods="2" coveredmethods="2"/>
      <file name="SeverityBadge.tsx" path="/home/parrot/CloudLine/frontend/src/components/shared/SeverityBadge.tsx">
        <metrics statements="3" coveredstatements="3" conditionals="2" coveredconditionals="2" methods="1" coveredmethods="1"/>
        <line num="7" count="7" type="stmt"/>
        <line num="22" count="26" type="cond" truecount="2" falsecount="0"/>
        <line num="25" count="26" type="stmt"/>
      </file>
      <file name="StatusBadge.tsx" path="/home/parrot/CloudLine/frontend/src/components/shared/StatusBadge.tsx">
        <metrics statements="3" coveredstatements="3" conditionals="2" coveredconditionals="2" methods="1" coveredmethods="1"/>
        <line num="7" count="4" type="stmt"/>
        <line num="20" count="17" type="cond" truecount="2" falsecount="0"/>
        <line num="23" count="17" type="stmt"/>
      </file>
    </package>
    <package name="src.components.trends">
      <metrics statements="6" coveredstatements="6" conditionals="2" coveredconditionals="2" methods="5" coveredmethods="5"/>
      <file name="PeriodSelector.tsx" path="/home/parrot/CloudLine/frontend/src/components/trends/PeriodSelector.tsx">
        <metrics statements="4" coveredstatements="4" conditionals="2" coveredconditionals="2" methods="3" coveredmethods="3"/>
        <line num="8" count="1" type="stmt"/>
        <line num="18" count="3" type="stmt"/>
        <line num="21" count="9" type="stmt"/>
        <line num="23" count="1" type="stmt"/>
      </file>
      <file name="SeverityTrendChart.tsx" path="/home/parrot/CloudLine/frontend/src/components/trends/SeverityTrendChart.tsx">
        <metrics statements="1" coveredstatements="1" conditionals="0" coveredconditionals="0" methods="1" coveredmethods="1"/>
        <line num="20" count="1" type="stmt"/>
      </file>
      <file name="TrendLineChart.tsx" path="/home/parrot/CloudLine/frontend/src/components/trends/TrendLineChart.tsx">
        <metrics statements="1" coveredstatements="1" conditionals="0" coveredconditionals="0" methods="1" coveredmethods="1"/>
        <line num="18" count="1" type="stmt"/>
      </file>
    </package>
    <package name="src.components.violations">
      <metrics statements="35" coveredstatements="30" conditionals="28" coveredconditionals="19" methods="25" coveredmethods="20"/>
      <file name="ViolationDetail.tsx" path="/home/parrot/CloudLine/frontend/src/components/violations/ViolationDetail.tsx">
        <metrics statements="6" coveredstatements="6" conditionals="14" coveredconditionals="7" methods="3" coveredmethods="3"/>
        <line num="19" count="10" type="cond" truecount="2" falsecount="0"/>
        <line num="20" count="2" type="stmt"/>
        <line num="27" count="2" type="stmt"/>
        <line num="43" count="2" type="stmt"/>
        <line num="44" count="2" type="stmt"/>
        <line num="46" count="2" type="stmt"/>
      </file>
      <file name="ViolationFilters.tsx" path="/home/parrot/CloudLine/frontend/src/components/violations/ViolationFilters.tsx">
        <metrics statements="12" coveredstatements="9" conditionals="6" coveredconditionals="6" methods="9" coveredmethods="6"/>
        <line num="12" count="1" type="stmt"/>
        <line num="13" count="1" type="stmt"/>
        <line num="14" count="1" type="stmt"/>
        <line num="34" count="9" type="stmt"/>
        <line num="41" count="1" type="stmt"/>
        <line num="45" count="48" type="stmt"/>
        <line num="51" count="51" type="stmt"/>
        <line num="66" count="3" type="stmt"/>
        <line num="73" count="1" type="stmt"/>
        <line num="81" count="0" type="stmt"/>
        <line num="89" count="0" type="stmt"/>
        <line num="98" count="0" type="stmt"/>
      </file>
      <file name="ViolationsTable.tsx" path="/home/parrot/CloudLine/frontend/src/components/violations/ViolationsTable.tsx">
        <metrics statements="17" coveredstatements="15" conditionals="8" coveredconditionals="6" methods="13" coveredmethods="11"/>
        <line num="22" count="1" type="stmt"/>
        <line num="24" count="1" type="stmt"/>
        <line num="28" count="6" type="stmt"/>
        <line num="36" count="6" type="stmt"/>
        <line num="47" count="6" type="stmt"/>
        <line num="53" count="6" type="stmt"/>
        <line num="59" count="6" type="stmt"/>
        <line num="70" count="4" type="stmt"/>
        <line num="72" count="4" type="stmt"/>
        <line num="83" count="4" type="stmt"/>
        <line num="89" count="4" type="stmt"/>
        <line num="91" count="20" type="stmt"/>
        <line num="125" count="6" type="stmt"/>
        <line num="128" count="1" type="stmt"/>
        <line num="131" count="30" type="stmt"/>
        <line num="159" count="0" type="stmt"/>
        <line num="166" count="0" type="stmt"/>
      </file>
    </package>
    <package name="src.context">
      <metrics statements="68" coveredstatements="66" conditionals="23" coveredconditionals="19" methods="20" coveredmethods="20"/>
      <file name="AlertContext.tsx" path="/home/parrot/CloudLine/frontend/src/context/AlertContext.tsx">
        <metrics statements="33" coveredstatements="32" conditionals="11" coveredconditionals="9" methods="14" coveredmethods="14"/>
        <line num="6" count="8" type="stmt"/>
        <line num="26" count="47" type="cond" truecount="6" falsecount="1"/>
        <line num="28" count="21" type="stmt"/>
        <line num="40" count="3" type="stmt"/>
        <line num="43" count="3" type="stmt"/>
        <line num="47" count="2" type="stmt"/>
        <line num="50" count="2" type="cond" truecount="1" falsecount="1"/>
        <line num="56" count="1" type="stmt"/>
        <line num="58" count="2" type="stmt"/>
        <line num="64" count="1" type="stmt"/>
        <line num="66" count="19" type="stmt"/>
        <line num="68" count="0" type="stmt"/>
        <line num="72" count="8" type="stmt"/>
        <line num="79" count="89" type="stmt"/>
        <line num="85" count="89" type="stmt"/>
        <line num="86" count="23" type="cond" truecount="2" falsecount="0"/>
        <line num="87" count="21" type="stmt"/>
        <line num="94" count="21" type="stmt"/>
        <line num="97" count="89" type="stmt"/>
        <line num="98" count="3" type="stmt"/>
        <line num="101" count="89" type="stmt"/>
        <line num="102" count="2" type="stmt"/>
        <line num="105" count="89" type="stmt"/>
        <line num="106" count="1" type="stmt"/>
        <line num="109" count="89" type="stmt"/>
        <line num="110" count="1" type="stmt"/>
        <line num="113" count="89" type="stmt"/>
        <line num="115" count="29" type="stmt"/>
        <line num="120" count="89" type="stmt"/>
        <line num="121" count="67" type="stmt"/>
        <line num="125" count="89" type="stmt"/>
        <line num="126" count="89" type="stmt"/>
        <line num="152" count="89" type="stmt"/>
      </file>
      <file name="AuthContext.tsx" path="/home/parrot/CloudLine/frontend/src/context/AuthContext.tsx">
        <metrics statements="33" coveredstatements="32" conditionals="12" coveredconditionals="10" methods="6" coveredmethods="6"/>
        <line num="10" count="9" type="stmt"/>
        <line num="11" count="9" type="stmt"/>
        <line num="13" count="9" type="stmt"/>
        <line num="20" count="39" type="stmt"/>
        <line num="21" count="39" type="stmt"/>
        <line num="22" count="39" type="stmt"/>
        <line num="23" count="39" type="cond" truecount="4" falsecount="0"/>
        <line num="24" count="18" type="stmt"/>
        <line num="25" count="18" type="stmt"/>
        <line num="26" count="18" type="stmt"/>
        <line num="28" count="21" type="stmt"/>
        <line num="30" count="1" type="stmt"/>
        <line num="31" count="1" type="stmt"/>
        <line num="32" count="1" type="stmt"/>
        <line num="41" count="45" type="stmt"/>
        <line num="45" count="45" type="stmt"/>
        <line num="48" count="4" type="stmt"/>
        <line num="50" count="4" type="cond" truecount="1" falsecount="1"/>
        <line num="52" count="0" type="stmt"/>
        <line num="56" count="4" type="stmt"/>
        <line num="66" count="4" type="stmt"/>
        <line num="67" count="4" type="stmt"/>
        <line num="71" count="4" type="stmt"/>
        <line num="76" count="45" type="stmt"/>
        <line num="77" count="2" type="stmt"/>
        <line num="78" count="2" type="stmt"/>
        <line num="79" count="2" type="stmt"/>
        <line num="82" count="45" type="stmt"/>
        <line num="84" count="42" type="cond" truecount="2" falsecount="0"/>
        <line num="85" count="20" type="stmt"/>
        <line num="93" count="45" type="stmt"/>
        <line num="94" count="45" type="stmt"/>
        <line num="106" count="45" type="stmt"/>
      </file>
      <file name="alertContextValue.ts" path="/home/parrot/CloudLine/frontend/src/context/alertContextValue.ts">
        <metrics statements="1" coveredstatements="1" conditionals="0" coveredconditionals="0" methods="0" coveredmethods="0"/>
        <line num="17" count="8" type="stmt"/>
      </file>
      <file name="authContextValue.ts" path="/home/parrot/CloudLine/frontend/src/context/authContextValue.ts">
        <metrics statements="1" coveredstatements="1" conditionals="0" coveredconditionals="0" methods="0" coveredmethods="0"/>
        <line num="18" count="9" type="stmt"/>
      </file>
    </package>
    <package name="src.hooks">
      <metrics statements="129" coveredstatements="128" conditionals="46" coveredconditionals="35" methods="38" coveredmethods="38"/>
      <file name="useAlerts.ts" path="/home/parrot/CloudLine/frontend/src/hooks/useAlerts.ts">
        <metrics statements="4" coveredstatements="4" conditionals="2" coveredconditionals="2" methods="1" coveredmethods="1"/>
        <line num="8" count="118" type="stmt"/>
        <line num="9" count="118" type="cond" truecount="2" falsecount="0"/>
        <line num="10" count="2" type="stmt"/>
        <line num="14" count="116" type="stmt"/>
      </file>
      <file name="useAuth.ts" path="/home/parrot/CloudLine/frontend/src/hooks/useAuth.ts">
        <metrics statements="4" coveredstatements="4" conditionals="2" coveredconditionals="2" methods="1" coveredmethods="1"/>
        <line num="8" count="53" type="stmt"/>
        <line num="9" count="53" type="cond" truecount="2" falsecount="0"/>
        <line num="10" count="2" type="stmt"/>
        <line num="14" count="51" type="stmt"/>
      </file>
      <file name="useCompliance.ts" path="/home/parrot/CloudLine/frontend/src/hooks/useCompliance.ts">
        <metrics statements="1" coveredstatements="1" conditionals="0" coveredconditionals="0" methods="1" coveredmethods="1"/>
        <line num="6" count="2" type="stmt"/>
      </file>
      <file name="useDriftAlerts.ts" path="/home/parrot/CloudLine/frontend/src/hooks/useDriftAlerts.ts">
        <metrics statements="2" coveredstatements="2" conditionals="0" coveredconditionals="0" methods="2" coveredmethods="2"/>
        <line num="11" count="23" type="stmt"/>
        <line num="13" count="12" type="stmt"/>
      </file>
      <file name="useRemediation.ts" path="/home/parrot/CloudLine/frontend/src/hooks/useRemediation.ts">
        <metrics statements="17" coveredstatements="17" conditionals="0" coveredconditionals="0" methods="14" coveredmethods="14"/>
        <line num="30" count="2" type="stmt"/>
        <line num="39" count="3" type="stmt"/>
        <line num="41" count="1" type="stmt"/>
        <line num="47" count="2" type="stmt"/>
        <line num="49" count="1" type="stmt"/>
        <line num="54" count="2" type="stmt"/>
        <line num="61" count="2" type="stmt"/>
        <line num="62" count="2" type="stmt"/>
        <line num="67" count="1" type="stmt"/>
        <line num="70" count="1" type="stmt"/>
        <line num="78" count="2" type="stmt"/>
        <line num="79" count="2" type="stmt"/>
        <line num="84" count="1" type="stmt"/>
        <line num="87" count="1" type="stmt"/>
        <line num="95" count="2" type="stmt"/>
        <line num="96" count="2" type="stmt"/>
        <line num="103" count="1" type="stmt"/>
      </file>
      <file name="useRiskSummary.ts" path="/home/parrot/CloudLine/frontend/src/hooks/useRiskSummary.ts">
        <metrics statements="1" coveredstatements="1" conditionals="0" coveredconditionals="0" methods="1" coveredmethods="1"/>
        <line num="6" count="2" type="stmt"/>
      </file>
      <file name="useTrends.ts" path="/home/parrot/CloudLine/frontend/src/hooks/useTrends.ts">
        <metrics statements="35" coveredstatements="35" conditionals="16" coveredconditionals="14" methods="4" coveredmethods="4"/>
        <line num="17" count="8" type="stmt"/>
        <line num="18" count="8" type="stmt"/>
        <line num="19" count="8" type="stmt"/>
        <line num="20" count="8" type="stmt"/>
        <line num="24" count="162" type="stmt"/>
        <line num="25" count="162" type="stmt"/>
        <line num="26" count="162" type="stmt"/>
        <line num="29" count="2" type="stmt"/>
        <line num="36" count="21" type="stmt"/>
        <line num="37" count="21" type="stmt"/>
        <line num="41" count="21" type="stmt"/>
        <line num="42" count="20" type="cond" truecount="2" falsecount="0"/>
        <line num="44" count="8" type="stmt"/>
        <line num="45" count="8" type="stmt"/>
        <line num="48" count="8" type="stmt"/>
        <line num="49" count="162" type="stmt"/>
        <line num="50" count="162" type="stmt"/>
        <line num="51" count="162" type="stmt"/>
        <line num="52" count="162" type="stmt"/>
        <line num="53" count="162" type="stmt"/>
        <line num="65" count="8" type="stmt"/>
        <line num="66" count="9" type="stmt"/>
        <line num="67" count="9" type="cond" truecount="2" falsecount="0"/>
        <line num="68" count="8" type="stmt"/>
        <line num="69" count="8" type="stmt"/>
        <line num="70" count="8" type="cond" truecount="1" falsecount="1"/>
        <line num="72" count="8" type="cond" truecount="2" falsecount="0"/>
        <line num="73" count="7" type="stmt"/>
        <line num="74" count="1" type="cond" truecount="1" falsecount="1"/>
        <line num="75" count="1" type="stmt"/>
        <line num="78" count="8" type="stmt"/>
        <line num="79" count="9" type="cond" truecount="2" falsecount="0"/>
        <line num="85" count="8" type="stmt"/>
        <line num="89" count="8" type="stmt"/>
        <line num="92" count="21" type="stmt"/>
      </file>
      <file name="useViolations.ts" path="/home/parrot/CloudLine/frontend/src/hooks/useViolations.ts">
        <metrics statements="2" coveredstatements="2" conditionals="0" coveredconditionals="0" methods="2" coveredmethods="2"/>
        <line num="9" count="2" type="stmt"/>
        <line num="11" count="1" type="stmt"/>
      </file>
      <file name="useWebSocket.ts" path="/home/parrot/CloudLine/frontend/src/hooks/useWebSocket.ts">
        <metrics statements="63" coveredstatements="62" conditionals="26" coveredconditionals="17" methods="12" coveredmethods="12"/>
        <line num="6" count="1" type="stmt"/>
        <line num="7" count="1" type="stmt"/>
        <line num="8" count="1" type="stmt"/>
        <line num="12" count="12" type="cond" truecount="2" falsecount="0"/>
        <line num="14" count="12" type="cond" truecount="1" falsecount="1"/>
        <line num="17" count="12" type="stmt"/>
        <line num="18" count="12" type="cond" truecount="1" falsecount="1"/>
        <line num="21" count="12" type="stmt"/>
        <line num="24" count="1" type="stmt"/>
        <line num="32" count="28" type="stmt"/>
        <line num="33" count="28" type="stmt"/>
        <line num="35" count="28" type="stmt"/>
        <line num="36" count="28" type="stmt"/>
        <line num="38" count="28" type="stmt"/>
        <line num="39" count="28" type="stmt"/>
        <line num="41" count="28" type="stmt"/>
        <line num="42" count="10" type="stmt"/>
        <line num="43" count="10" type="stmt"/>
        <line num="46" count="2" type="cond" truecount="2" falsecount="0"/>
        <line num="47" count="1" type="stmt"/>
        <line num="49" count="1" type="cond" truecount="1" falsecount="1"/>
        <line num="53" count="1" type="stmt"/>
        <line num="54" count="4" type="stmt"/>
        <line num="62" count="12" type="cond" truecount="1" falsecount="1"/>
        <line num="63" count="12" type="cond" truecount="1" falsecount="1"/>
        <line num="66" count="0" type="stmt"/>
        <line num="70" count="12" type="cond" truecount="2" falsecount="0"/>
        <line num="72" count="12" type="stmt"/>
        <line num="74" count="12" type="stmt"/>
        <line num="75" count="12" type="stmt"/>
        <line num="76" count="12" type="stmt"/>
        <line num="78" count="12" type="stmt"/>
        <line num="79" count="5" type="cond" truecount="2" falsecount="0"/>
        <line num="80" count="1" type="stmt"/>
        <line num="81" count="1" type="stmt"/>
        <line num="83" count="4" type="stmt"/>
        <line num="84" count="4" type="stmt"/>
        <line num="86" count="4" type="stmt"/>
        <line num="87" count="1" type="cond" truecount="1" falsecount="1"/>
        <line num="88" count="1" type="stmt"/>
        <line num="93" count="12" type="stmt"/>
        <line num="94" count="3" type="stmt"/>
        <line num="95" count="3" type="stmt"/>
        <line num="98" count="3" type="stmt"/>
        <line num="104" count="12" type="stmt"/>
        <line num="105" count="2" type="stmt"/>
        <line num="106" count="2" type="stmt"/>
        <line num="107" count="2" type="cond" truecount="1" falsecount="1"/>
        <line num="109" count="2" type="stmt"/>
        <line num="111" count="2" type="stmt"/>
        <line num="115" count="2" type="stmt"/>
        <line num="116" count="2" type="stmt"/>
        <line num="119" count="12" type="stmt"/>
        <line num="120" count="1" type="stmt"/>
        <line num="124" count="10" type="stmt"/>
        <line num="126" count="10" type="stmt"/>
        <line num="127" count="10" type="stmt"/>
        <line num="128" count="10" type="stmt"/>
        <line num="129" count="10" type="cond" truecount="1" falsecount="1"/>
        <line num="130" count="10" type="stmt"/>
        <line num="131" count="10" type="stmt"/>
        <line num="132" count="10" type="stmt"/>
        <line num="134" count="10" type="stmt"/>
      </file>
    </package>
    <package name="src.pages">
      <metrics statements="97" coveredstatements="91" conditionals="119" coveredconditionals="83" methods="25" coveredmethods="23"/>
      <file name="DashboardPage.tsx" path="/home/parrot/CloudLine/frontend/src/pages/DashboardPage.tsx">
        <metrics statements="16" coveredstatements="16" conditionals="14" coveredconditionals="13" methods="4" coveredmethods="4"/>
        <line num="10" count="1" type="stmt"/>
        <line num="13" count="4" type="stmt"/>
        <line num="26" count="1" type="stmt"/>
        <line num="36" count="4" type="stmt"/>
        <line num="37" count="4" type="stmt"/>
        <line num="40" count="4" type="cond" truecount="2" falsecount="0"/>
        <line num="41" count="4" type="cond" truecount="2" falsecount="0"/>
        <line num="43" count="4" type="cond" truecount="2" falsecount="0"/>
        <line num="44" count="1" type="stmt"/>
        <line num="54" count="3" type="cond" truecount="2" falsecount="0"/>
        <line num="55" count="1" type="stmt"/>
        <line num="70" count="2" type="stmt"/>
        <line num="71" count="2" type="stmt"/>
        <line num="73" count="2" type="cond" truecount="4" falsecount="0"/>
        <line num="74" count="1" type="stmt"/>
        <line num="86" count="1" type="stmt"/>
      </file>
      <file name="ExecutiveSummaryPage.tsx" path="/home/parrot/CloudLine/frontend/src/pages/ExecutiveSummaryPage.tsx">
        <metrics statements="29" coveredstatements="26" conditionals="38" coveredconditionals="23" methods="6" coveredmethods="5"/>
        <line num="11" count="8" type="stmt"/>
        <line num="23" count="1" type="stmt"/>
        <line num="34" count="2" type="cond" truecount="2" falsecount="0"/>
        <line num="35" count="1" type="stmt"/>
        <line num="40" count="1" type="cond" truecount="1" falsecount="1"/>
        <line num="41" count="0" type="stmt"/>
        <line num="46" count="1" type="cond" truecount="1" falsecount="1"/>
        <line num="47" count="1" type="stmt"/>
        <line num="52" count="0" type="stmt"/>
        <line num="60" count="6" type="stmt"/>
        <line num="61" count="6" type="stmt"/>
        <line num="64" count="6" type="cond" truecount="2" falsecount="0"/>
        <line num="65" count="6" type="cond" truecount="2" falsecount="0"/>
        <line num="67" count="6" type="cond" truecount="2" falsecount="0"/>
        <line num="68" count="1" type="stmt"/>
        <line num="75" count="4" type="stmt"/>
        <line num="88" count="5" type="cond" truecount="2" falsecount="0"/>
        <line num="89" count="1" type="stmt"/>
        <line num="105" count="4" type="stmt"/>
        <line num="106" count="4" type="stmt"/>
        <line num="108" count="4" type="cond" truecount="4" falsecount="0"/>
        <line num="109" count="2" type="stmt"/>
        <line num="121" count="2" type="cond" truecount="1" falsecount="1"/>
        <line num="122" count="6" type="stmt"/>
        <line num="127" count="6" type="stmt"/>
        <line num="185" count="1" type="stmt"/>
        <line num="189" count="1" type="cond" truecount="1" falsecount="1"/>
        <line num="194" count="1" type="stmt"/>
        <line num="256" count="0" type="stmt"/>
      </file>
      <file name="LoginPage.tsx" path="/home/parrot/CloudLine/frontend/src/pages/LoginPage.tsx">
        <metrics statements="26" coveredstatements="24" conditionals="18" coveredconditionals="14" methods="4" coveredmethods="4"/>
        <line num="10" count="20" type="stmt"/>
        <line num="12" count="20" type="stmt"/>
        <line num="13" count="20" type="stmt"/>
        <line num="15" count="20" type="cond" truecount="2" falsecount="0"/>
        <line num="18" count="20" type="stmt"/>
        <line num="19" count="20" type="stmt"/>
        <line num="20" count="20" type="stmt"/>
        <line num="21" count="20" type="stmt"/>
        <line num="23" count="20" type="cond" truecount="1" falsecount="1"/>
        <line num="24" count="0" type="stmt"/>
        <line num="31" count="20" type="cond" truecount="2" falsecount="0"/>
        <line num="32" count="2" type="stmt"/>
        <line num="38" count="2" type="stmt"/>
        <line num="39" count="2" type="stmt"/>
        <line num="41" count="2" type="cond" truecount="4" falsecount="0"/>
        <line num="42" count="1" type="stmt"/>
        <line num="43" count="1" type="stmt"/>
        <line num="46" count="1" type="stmt"/>
        <line num="47" count="1" type="stmt"/>
        <line num="48" count="1" type="stmt"/>
        <line num="49" count="1" type="stmt"/>
        <line num="51" count="0" type="stmt"/>
        <line num="57" count="1" type="stmt"/>
        <line num="61" count="18" type="stmt"/>
        <line num="90" count="5" type="stmt"/>
        <line num="110" count="7" type="stmt"/>
      </file>
      <file name="PlaceholderPage.tsx" path="/home/parrot/CloudLine/frontend/src/pages/PlaceholderPage.tsx">
        <metrics statements="1" coveredstatements="1" conditionals="0" coveredconditionals="0" methods="1" coveredmethods="1"/>
        <line num="8" count="2" type="stmt"/>
      </file>
      <file name="RemediationPage.tsx" path="/home/parrot/CloudLine/frontend/src/pages/RemediationPage.tsx">
        <metrics statements="9" coveredstatements="9" conditionals="22" coveredconditionals="13" methods="4" coveredmethods="4"/>
        <line num="17" count="1" type="stmt"/>
        <line num="24" count="8" type="stmt"/>
        <line num="25" count="8" type="stmt"/>
        <line num="29" count="8" type="stmt"/>
        <line num="30" count="8" type="stmt"/>
        <line num="32" count="8" type="stmt"/>
        <line num="42" count="24" type="stmt"/>
        <line num="44" count="2" type="stmt"/>
        <line num="63" count="5" type="stmt"/>
      </file>
      <file name="TrendsPage.tsx" path="/home/parrot/CloudLine/frontend/src/pages/TrendsPage.tsx">
        <metrics statements="4" coveredstatements="4" conditionals="9" coveredconditionals="8" methods="2" coveredmethods="2"/>
        <line num="10" count="5" type="stmt"/>
        <line num="11" count="5" type="stmt"/>
        <line num="13" count="5" type="stmt"/>
        <line num="28" count="2" type="stmt"/>
      </file>
      <file name="ViolationsPage.tsx" path="/home/parrot/CloudLine/frontend/src/pages/ViolationsPage.tsx">
        <metrics statements="12" coveredstatements="11" conditionals="18" coveredconditionals="12" methods="4" coveredmethods="3"/>
        <line num="12" count="5" type="stmt"/>
        <line num="17" count="5" type="stmt"/>
        <line num="20" count="5" type="stmt"/>
        <line num="21" count="5" type="stmt"/>
        <line num="22" count="5" type="cond" truecount="1" falsecount="1"/>
        <line num="23" count="5" type="cond" truecount="1" falsecount="1"/>
        <line num="24" count="5" type="cond" truecount="1" falsecount="1"/>
        <line num="25" count="5" type="cond" truecount="1" falsecount="1"/>
        <line num="28" count="5" type="stmt"/>
        <line num="31" count="5" type="stmt"/>
        <line num="48" count="8" type="stmt"/>
        <line num="77" count="0" type="stmt"/>
      </file>
    </package>
  </project>
</coverage>
