{"/home/parrot/CloudLine/frontend/src/App.tsx": {"path":"/home/parrot/CloudLine/frontend/src/App.tsx","statementMap":{"0":{"start":{"line":23,"column":20},"end":{"line":30,"column":null}},"1":{"start":{"line":32,"column":6},"end":{"line":71,"column":null}},"2":{"start":{"line":74,"column":2},"end":{"line":81,"column":null}}},"fnMap":{"0":{"name":"App","decl":{"start":{"line":73,"column":9},"end":{"line":73,"column":15}},"loc":{"start":{"line":73,"column":15},"end":{"line":83,"column":null}},"line":73}},"branchMap":{},"s":{"0":1,"1":1,"2":2},"f":{"0":2},"b":{},"meta":{"lastBranch":0,"lastFunction":1,"lastStatement":3,"seen":{"s:23:20:30:Infinity":0,"s:32:6:71:Infinity":1,"f:73:9:73:15":0,"s:74:2:81:Infinity":2}}}
,"/home/parrot/CloudLine/frontend/src/api/client.ts": {"path":"/home/parrot/CloudLine/frontend/src/api/client.ts","statementMap":{"0":{"start":{"line":4,"column":2},"end":{"line":4,"column":null}},"1":{"start":{"line":6,"column":25},"end":{"line":11,"column":null}},"2":{"start":{"line":14,"column":0},"end":{"line":20,"column":null}},"3":{"start":{"line":15,"column":16},"end":{"line":15,"column":null}},"4":{"start":{"line":16,"column":2},"end":{"line":18,"column":null}},"5":{"start":{"line":17,"column":4},"end":{"line":17,"column":null}},"6":{"start":{"line":19,"column":2},"end":{"line":19,"column":null}},"7":{"start":{"line":29,"column":0},"end":{"line":47,"column":null}},"8":{"start":{"line":30,"column":16},"end":{"line":30,"column":null}},"9":{"start":{"line":32,"column":4},"end":{"line":36,"column":null}},"10":{"start":{"line":33,"column":6},"end":{"line":33,"column":null}},"11":{"start":{"line":34,"column":6},"end":{"line":34,"column":null}},"12":{"start":{"line":35,"column":6},"end":{"line":35,"column":null}},"13":{"start":{"line":37,"column":31},"end":{"line":44,"column":null}},"14":{"start":{"line":45,"column":4},"end":{"line":45,"column":null}}},"fnMap":{"0":{"name":"(anonymous_0)","decl":{"start":{"line":14,"column":35},"end":{"line":14,"column":36}},"loc":{"start":{"line":14,"column":47},"end":{"line":20,"column":1}},"line":14},"1":{"name":"(anonymous_1)","decl":{"start":{"line":30,"column":2},"end":{"line":30,"column":3}},"loc":{"start":{"line":30,"column":16},"end":{"line":30,"column":null}},"line":30},"2":{"name":"(anonymous_2)","decl":{"start":{"line":31,"column":2},"end":{"line":31,"column":3}},"loc":{"start":{"line":31,"column":13},"end":{"line":46,"column":null}},"line":31}},"branchMap":{"0":{"loc":{"start":{"line":4,"column":2},"end":{"line":4,"column":null}},"type":"binary-expr","locations":[{"start":{"line":4,"column":2},"end":{"line":4,"column":39}},{"start":{"line":4,"column":39},"end":{"line":4,"column":null}}],"line":4},"1":{"loc":{"start":{"line":16,"column":2},"end":{"line":18,"column":null}},"type":"if","locations":[{"start":{"line":16,"column":2},"end":{"line":18,"column":null}},{"start":{},"end":{}}],"line":16},"2":{"loc":{"start":{"line":32,"column":4},"end":{"line":36,"column":null}},"type":"if","locations":[{"start":{"line":32,"column":4},"end":{"line":36,"column":null}},{"start":{},"end":{}}],"line":32},"3":{"loc":{"start":{"line":38,"column":14},"end":{"line":38,"column":null}},"type":"binary-expr","locations":[{"start":{"line":38,"column":14},"end":{"line":38,"column":40}},{"start":{"line":38,"column":40},"end":{"line":38,"column":null}}],"line":38},"4":{"loc":{"start":{"line":40,"column":8},"end":{"line":42,"column":null}},"type":"binary-expr","locations":[{"start":{"line":40,"column":8},"end":{"line":40,"column":null}},{"start":{"line":41,"column":8},"end":{"line":41,"column":null}},{"start":{"line":42,"column":8},"end":{"line":42,"column":null}}],"line":40}},"s":{"0":2,"1":2,"2":2,"3":2,"4":2,"5":1,"6":2,"7":2,"8":0,"9":3,"10":1,"11":1,"12":1,"13":3,"14":3},"f":{"0":2,"1":0,"2":3},"b":{"0":[2,2],"1":[1,1],"2":[1,2],"3":[3,1],"4":[3,1,0]},"meta":{"lastBranch":5,"lastFunction":3,"lastStatement":15,"seen":{"s:4:2:4:Infinity":0,"b:4:2:4:39:4:39:4:Infinity":0,"s:6:25:11:Infinity":1,"s:14:0:20:Infinity":2,"f:14:35:14:36":0,"s:15:16:15:Infinity":3,"b:16:2:18:Infinity:undefined:undefined:undefined:undefined":1,"s:16:2:18:Infinity":4,"s:17:4:17:Infinity":5,"s:19:2:19:Infinity":6,"s:29:0:47:Infinity":7,"f:30:2:30:3":1,"s:30:16:30:Infinity":8,"f:31:2:31:3":2,"b:32:4:36:Infinity:undefined:undefined:undefined:undefined":2,"s:32:4:36:Infinity":9,"s:33:6:33:Infinity":10,"s:34:6:34:Infinity":11,"s:35:6:35:Infinity":12,"s:37:31:44:Infinity":13,"b:38:14:38:40:38:40:38:Infinity":3,"b:40:8:40:Infinity:41:8:41:Infinity:42:8:42:Infinity":4,"s:45:4:45:Infinity":14}}}
,"/home/parrot/CloudLine/frontend/src/api/compliance.ts": {"path":"/home/parrot/CloudLine/frontend/src/api/compliance.ts","statementMap":{"0":{"start":{"line":5,"column":19},"end":{"line":7,"column":null}},"1":{"start":{"line":8,"column":2},"end":{"line":8,"column":null}}},"fnMap":{"0":{"name":"getComplianceScore","decl":{"start":{"line":4,"column":22},"end":{"line":4,"column":69}},"loc":{"start":{"line":4,"column":69},"end":{"line":9,"column":null}},"line":4}},"branchMap":{},"s":{"0":1,"1":1},"f":{"0":1},"b":{},"meta":{"lastBranch":0,"lastFunction":1,"lastStatement":2,"seen":{"f:4:22:4:69":0,"s:5:19:7:Infinity":0,"s:8:2:8:Infinity":1}}}
,"/home/parrot/CloudLine/frontend/src/api/drift.ts": {"path":"/home/parrot/CloudLine/frontend/src/api/drift.ts","statementMap":{"0":{"start":{"line":10,"column":19},"end":{"line":13,"column":null}},"1":{"start":{"line":14,"column":2},"end":{"line":14,"column":null}}},"fnMap":{"0":{"name":"getDriftAlerts","decl":{"start":{"line":7,"column":22},"end":{"line":7,"column":null}},"loc":{"start":{"line":9,"column":32},"end":{"line":15,"column":null}},"line":9}},"branchMap":{},"s":{"0":2,"1":2},"f":{"0":2},"b":{},"meta":{"lastBranch":0,"lastFunction":1,"lastStatement":2,"seen":{"f:7:22:7:Infinity":0,"s:10:19:13:Infinity":0,"s:14:2:14:Infinity":1}}}
,"/home/parrot/CloudLine/frontend/src/api/health.ts": {"path":"/home/parrot/CloudLine/frontend/src/api/health.ts","statementMap":{"0":{"start":{"line":5,"column":19},"end":{"line":7,"column":null}},"1":{"start":{"line":8,"column":2},"end":{"line":8,"column":null}}},"fnMap":{"0":{"name":"getHealth","decl":{"start":{"line":4,"column":22},"end":{"line":4,"column":59}},"loc":{"start":{"line":4,"column":59},"end":{"line":9,"column":null}},"line":4}},"branchMap":{},"s":{"0":1,"1":1},"f":{"0":1},"b":{},"meta":{"lastBranch":0,"lastFunction":1,"lastStatement":2,"seen":{"f:4:22:4:59":0,"s:5:19:7:Infinity":0,"s:8:2:8:Infinity":1}}}
,"/home/parrot/CloudLine/frontend/src/api/remediation.ts": {"path":"/home/parrot/CloudLine/frontend/src/api/remediation.ts","statementMap":{"0":{"start":{"line":18,"column":4},"end":{"line":20,"column":null}},"1":{"start":{"line":21,"column":2},"end":{"line":21,"column":null}},"2":{"start":{"line":28,"column":4},"end":{"line":30,"column":null}},"3":{"start":{"line":31,"column":2},"end":{"line":31,"column":null}},"4":{"start":{"line":39,"column":4},"end":{"line":42,"column":null}},"5":{"start":{"line":43,"column":2},"end":{"line":43,"column":null}},"6":{"start":{"line":51,"column":4},"end":{"line":54,"column":null}},"7":{"start":{"line":55,"column":2},"end":{"line":55,"column":null}},"8":{"start":{"line":61,"column":19},"end":{"line":64,"column":null}},"9":{"start":{"line":65,"column":2},"end":{"line":65,"column":null}},"10":{"start":{"line":69,"column":19},"end":{"line":71,"column":null}},"11":{"start":{"line":72,"column":2},"end":{"line":72,"column":null}},"12":{"start":{"line":79,"column":4},"end":{"line":82,"column":null}},"13":{"start":{"line":83,"column":2},"end":{"line":83,"column":null}}},"fnMap":{"0":{"name":"getRemediations","decl":{"start":{"line":16,"column":22},"end":{"line":16,"column":71}},"loc":{"start":{"line":16,"column":71},"end":{"line":22,"column":null}},"line":16},"1":{"name":"getRemediation","decl":{"start":{"line":24,"column":22},"end":{"line":24,"column":null}},"loc":{"start":{"line":26,"column":32},"end":{"line":32,"column":null}},"line":26},"2":{"name":"executeRemediation","decl":{"start":{"line":34,"column":22},"end":{"line":34,"column":null}},"loc":{"start":{"line":37,"column":38},"end":{"line":44,"column":null}},"line":37},"3":{"name":"rollbackRemediation","decl":{"start":{"line":46,"column":22},"end":{"line":46,"column":null}},"loc":{"start":{"line":49,"column":29},"end":{"line":56,"column":null}},"line":49},"4":{"name":"getAuditTrail","decl":{"start":{"line":58,"column":22},"end":{"line":58,"column":null}},"loc":{"start":{"line":60,"column":26},"end":{"line":66,"column":null}},"line":60},"5":{"name":"getConfigs","decl":{"start":{"line":68,"column":22},"end":{"line":68,"column":61}},"loc":{"start":{"line":68,"column":61},"end":{"line":73,"column":null}},"line":68},"6":{"name":"saveConfig","decl":{"start":{"line":75,"column":22},"end":{"line":75,"column":null}},"loc":{"start":{"line":77,"column":31},"end":{"line":84,"column":null}},"line":77}},"branchMap":{},"s":{"0":1,"1":1,"2":1,"3":1,"4":1,"5":1,"6":1,"7":1,"8":2,"9":2,"10":1,"11":1,"12":1,"13":1},"f":{"0":1,"1":1,"2":1,"3":1,"4":2,"5":1,"6":1},"b":{},"meta":{"lastBranch":0,"lastFunction":7,"lastStatement":14,"seen":{"f:16:22:16:71":0,"s:18:4:20:Infinity":0,"s:21:2:21:Infinity":1,"f:24:22:24:Infinity":1,"s:28:4:30:Infinity":2,"s:31:2:31:Infinity":3,"f:34:22:34:Infinity":2,"s:39:4:42:Infinity":4,"s:43:2:43:Infinity":5,"f:46:22:46:Infinity":3,"s:51:4:54:Infinity":6,"s:55:2:55:Infinity":7,"f:58:22:58:Infinity":4,"s:61:19:64:Infinity":8,"s:65:2:65:Infinity":9,"f:68:22:68:61":5,"s:69:19:71:Infinity":10,"s:72:2:72:Infinity":11,"f:75:22:75:Infinity":6,"s:79:4:82:Infinity":12,"s:83:2:83:Infinity":13}}}
,"/home/parrot/CloudLine/frontend/src/api/risk.ts": {"path":"/home/parrot/CloudLine/frontend/src/api/risk.ts","statementMap":{"0":{"start":{"line":12,"column":4},"end":{"line":15,"column":null}},"1":{"start":{"line":16,"column":2},"end":{"line":16,"column":null}},"2":{"start":{"line":20,"column":19},"end":{"line":22,"column":null}},"3":{"start":{"line":23,"column":2},"end":{"line":23,"column":null}}},"fnMap":{"0":{"name":"getRiskScores","decl":{"start":{"line":8,"column":22},"end":{"line":8,"column":null}},"loc":{"start":{"line":10,"column":31},"end":{"line":17,"column":null}},"line":10},"1":{"name":"getRiskSummary","decl":{"start":{"line":19,"column":22},"end":{"line":19,"column":61}},"loc":{"start":{"line":19,"column":61},"end":{"line":24,"column":null}},"line":19}},"branchMap":{},"s":{"0":2,"1":2,"2":1,"3":1},"f":{"0":2,"1":1},"b":{},"meta":{"lastBranch":0,"lastFunction":2,"lastStatement":4,"seen":{"f:8:22:8:Infinity":0,"s:12:4:15:Infinity":0,"s:16:2:16:Infinity":1,"f:19:22:19:61":1,"s:20:19:22:Infinity":2,"s:23:2:23:Infinity":3}}}
,"/home/parrot/CloudLine/frontend/src/api/scans.ts": {"path":"/home/parrot/CloudLine/frontend/src/api/scans.ts","statementMap":{"0":{"start":{"line":5,"column":19},"end":{"line":7,"column":null}},"1":{"start":{"line":8,"column":2},"end":{"line":8,"column":null}}},"fnMap":{"0":{"name":"triggerScan","decl":{"start":{"line":4,"column":22},"end":{"line":4,"column":57}},"loc":{"start":{"line":4,"column":57},"end":{"line":9,"column":null}},"line":4}},"branchMap":{},"s":{"0":1,"1":1},"f":{"0":1},"b":{},"meta":{"lastBranch":0,"lastFunction":1,"lastStatement":2,"seen":{"f:4:22:4:57":0,"s:5:19:7:Infinity":0,"s:8:2:8:Infinity":1}}}
,"/home/parrot/CloudLine/frontend/src/api/violations.ts": {"path":"/home/parrot/CloudLine/frontend/src/api/violations.ts","statementMap":{"0":{"start":{"line":13,"column":19},"end":{"line":16,"column":null}},"1":{"start":{"line":17,"column":2},"end":{"line":17,"column":null}}},"fnMap":{"0":{"name":"getViolations","decl":{"start":{"line":10,"column":22},"end":{"line":10,"column":null}},"loc":{"start":{"line":12,"column":24},"end":{"line":18,"column":null}},"line":12}},"branchMap":{},"s":{"0":2,"1":2},"f":{"0":2},"b":{},"meta":{"lastBranch":0,"lastFunction":1,"lastStatement":2,"seen":{"f:10:22:10:Infinity":0,"s:13:19:16:Infinity":0,"s:17:2:17:Infinity":1}}}
,"/home/parrot/CloudLine/frontend/src/api/websocket.ts": {"path":"/home/parrot/CloudLine/frontend/src/api/websocket.ts","statementMap":{"0":{"start":{"line":12,"column":4},"end":{"line":12,"column":null}},"1":{"start":{"line":13,"column":19},"end":{"line":15,"column":null}},"2":{"start":{"line":16,"column":15},"end":{"line":16,"column":null}},"3":{"start":{"line":17,"column":18},"end":{"line":19,"column":null}},"4":{"start":{"line":21,"column":13},"end":{"line":21,"column":null}},"5":{"start":{"line":23,"column":2},"end":{"line":25,"column":null}},"6":{"start":{"line":24,"column":4},"end":{"line":24,"column":null}},"7":{"start":{"line":27,"column":2},"end":{"line":34,"column":null}},"8":{"start":{"line":28,"column":4},"end":{"line":33,"column":null}},"9":{"start":{"line":29,"column":19},"end":{"line":29,"column":null}},"10":{"start":{"line":30,"column":6},"end":{"line":30,"column":null}},"11":{"start":{"line":32,"column":6},"end":{"line":32,"column":null}},"12":{"start":{"line":36,"column":2},"end":{"line":38,"column":null}},"13":{"start":{"line":37,"column":4},"end":{"line":37,"column":null}},"14":{"start":{"line":40,"column":2},"end":{"line":42,"column":null}},"15":{"start":{"line":41,"column":4},"end":{"line":41,"column":null}},"16":{"start":{"line":44,"column":2},"end":{"line":44,"column":null}}},"fnMap":{"0":{"name":"createWsConnection","decl":{"start":{"line":10,"column":13},"end":{"line":10,"column":null}},"loc":{"start":{"line":10,"column":13},"end":{"line":45,"column":null}},"line":10},"1":{"name":"(anonymous_1)","decl":{"start":{"line":23,"column":14},"end":{"line":23,"column":20}},"loc":{"start":{"line":23,"column":20},"end":{"line":25,"column":null}},"line":23},"2":{"name":"(anonymous_2)","decl":{"start":{"line":27,"column":17},"end":{"line":27,"column":18}},"loc":{"start":{"line":27,"column":28},"end":{"line":34,"column":null}},"line":27},"3":{"name":"(anonymous_3)","decl":{"start":{"line":36,"column":15},"end":{"line":36,"column":16}},"loc":{"start":{"line":36,"column":26},"end":{"line":38,"column":null}},"line":36},"4":{"name":"(anonymous_4)","decl":{"start":{"line":40,"column":15},"end":{"line":40,"column":16}},"loc":{"start":{"line":40,"column":26},"end":{"line":42,"column":null}},"line":40}},"branchMap":{"0":{"loc":{"start":{"line":10,"column":13},"end":{"line":10,"column":null}},"type":"default-arg","locations":[{"start":{"line":10,"column":13},"end":{"line":10,"column":null}}],"line":10},"1":{"loc":{"start":{"line":12,"column":4},"end":{"line":12,"column":null}},"type":"binary-expr","locations":[{"start":{"line":12,"column":4},"end":{"line":12,"column":35}},{"start":{"line":12,"column":35},"end":{"line":12,"column":null}}],"line":12},"2":{"loc":{"start":{"line":13,"column":19},"end":{"line":15,"column":null}},"type":"cond-expr","locations":[{"start":{"line":14,"column":6},"end":{"line":14,"column":null}},{"start":{"line":15,"column":6},"end":{"line":15,"column":null}}],"line":13},"3":{"loc":{"start":{"line":17,"column":18},"end":{"line":19,"column":null}},"type":"cond-expr","locations":[{"start":{"line":18,"column":6},"end":{"line":18,"column":null}},{"start":{"line":19,"column":6},"end":{"line":19,"column":null}}],"line":17}},"s":{"0":6,"1":6,"2":6,"3":6,"4":6,"5":6,"6":1,"7":6,"8":2,"9":2,"10":2,"11":1,"12":6,"13":1,"14":6,"15":1,"16":6},"f":{"0":6,"1":1,"2":2,"3":1,"4":1},"b":{"0":[6],"1":[6,6],"2":[0,6],"3":[6,0]},"meta":{"lastBranch":4,"lastFunction":5,"lastStatement":17,"seen":{"f:10:13:10:Infinity":0,"b:10:13:10:Infinity":0,"s:12:4:12:Infinity":0,"b:12:4:12:35:12:35:12:Infinity":1,"s:13:19:15:Infinity":1,"b:14:6:14:Infinity:15:6:15:Infinity":2,"s:16:15:16:Infinity":2,"s:17:18:19:Infinity":3,"b:18:6:18:Infinity:19:6:19:Infinity":3,"s:21:13:21:Infinity":4,"s:23:2:25:Infinity":5,"f:23:14:23:20":1,"s:24:4:24:Infinity":6,"s:27:2:34:Infinity":7,"f:27:17:27:18":2,"s:28:4:33:Infinity":8,"s:29:19:29:Infinity":9,"s:30:6:30:Infinity":10,"s:32:6:32:Infinity":11,"s:36:2:38:Infinity":12,"f:36:15:36:16":3,"s:37:4:37:Infinity":13,"s:40:2:42:Infinity":14,"f:40:15:40:16":4,"s:41:4:41:Infinity":15,"s:44:2:44:Infinity":16}}}
,"/home/parrot/CloudLine/frontend/src/components/alerts/AlertBanner.tsx": {"path":"/home/parrot/CloudLine/frontend/src/components/alerts/AlertBanner.tsx","statementMap":{"0":{"start":{"line":5,"column":24},"end":{"line":5,"column":null}},"1":{"start":{"line":7,"column":45},"end":{"line":12,"column":null}},"2":{"start":{"line":14,"column":41},"end":{"line":23,"column":null}},"3":{"start":{"line":26,"column":2},"end":{"line":28,"column":null}},"4":{"start":{"line":38,"column":8},"end":{"line":38,"column":null}},"5":{"start":{"line":40,"column":2},"end":{"line":46,"column":null}},"6":{"start":{"line":41,"column":4},"end":{"line":44,"column":null}},"7":{"start":{"line":42,"column":12},"end":{"line":42,"column":null}},"8":{"start":{"line":45,"column":4},"end":{"line":45,"column":null}},"9":{"start":{"line":45,"column":17},"end":{"line":45,"column":null}},"10":{"start":{"line":48,"column":19},"end":{"line":48,"column":null}},"11":{"start":{"line":49,"column":17},"end":{"line":49,"column":null}},"12":{"start":{"line":50,"column":13},"end":{"line":50,"column":null}},"13":{"start":{"line":52,"column":2},"end":{"line":99,"column":null}},"14":{"start":{"line":80,"column":25},"end":{"line":80,"column":null}},"15":{"start":{"line":104,"column":31},"end":{"line":104,"column":null}},"16":{"start":{"line":106,"column":2},"end":{"line":106,"column":null}},"17":{"start":{"line":106,"column":27},"end":{"line":106,"column":null}},"18":{"start":{"line":108,"column":2},"end":{"line":117,"column":null}},"19":{"start":{"line":111,"column":8},"end":{"line":115,"column":null}}},"fnMap":{"0":{"name":"typeLabel","decl":{"start":{"line":25,"column":9},"end":{"line":25,"column":19}},"loc":{"start":{"line":25,"column":41},"end":{"line":29,"column":null}},"line":25},"1":{"name":"ToastItem","decl":{"start":{"line":31,"column":9},"end":{"line":31,"column":19}},"loc":{"start":{"line":37,"column":3},"end":{"line":101,"column":null}},"line":37},"2":{"name":"(anonymous_2)","decl":{"start":{"line":40,"column":12},"end":{"line":40,"column":18}},"loc":{"start":{"line":40,"column":18},"end":{"line":46,"column":5}},"line":40},"3":{"name":"(anonymous_3)","decl":{"start":{"line":42,"column":6},"end":{"line":42,"column":12}},"loc":{"start":{"line":42,"column":12},"end":{"line":42,"column":null}},"line":42},"4":{"name":"(anonymous_4)","decl":{"start":{"line":45,"column":11},"end":{"line":45,"column":17}},"loc":{"start":{"line":45,"column":17},"end":{"line":45,"column":null}},"line":45},"5":{"name":"(anonymous_5)","decl":{"start":{"line":80,"column":19},"end":{"line":80,"column":25}},"loc":{"start":{"line":80,"column":25},"end":{"line":80,"column":null}},"line":80},"6":{"name":"AlertBanner","decl":{"start":{"line":103,"column":24},"end":{"line":103,"column":38}},"loc":{"start":{"line":103,"column":38},"end":{"line":119,"column":null}},"line":103},"7":{"name":"(anonymous_7)","decl":{"start":{"line":110,"column":18},"end":{"line":110,"column":19}},"loc":{"start":{"line":111,"column":8},"end":{"line":115,"column":null}},"line":111}},"branchMap":{"0":{"loc":{"start":{"line":26,"column":9},"end":{"line":28,"column":null}},"type":"cond-expr","locations":[{"start":{"line":27,"column":6},"end":{"line":27,"column":null}},{"start":{"line":28,"column":6},"end":{"line":28,"column":null}}],"line":26},"1":{"loc":{"start":{"line":49,"column":17},"end":{"line":49,"column":null}},"type":"binary-expr","locations":[{"start":{"line":49,"column":17},"end":{"line":49,"column":43}},{"start":{"line":49,"column":43},"end":{"line":49,"column":null}}],"line":49},"2":{"loc":{"start":{"line":50,"column":13},"end":{"line":50,"column":null}},"type":"binary-expr","locations":[{"start":{"line":50,"column":13},"end":{"line":50,"column":35}},{"start":{"line":50,"column":35},"end":{"line":50,"column":null}}],"line":50},"3":{"loc":{"start":{"line":73,"column":11},"end":{"line":76,"column":null}},"type":"binary-expr","locations":[{"start":{"line":73,"column":11},"end":{"line":73,"column":null}},{"start":{"line":74,"column":12},"end":{"line":76,"column":null}}],"line":73},"4":{"loc":{"start":{"line":106,"column":2},"end":{"line":106,"column":null}},"type":"if","locations":[{"start":{"line":106,"column":2},"end":{"line":106,"column":null}},{"start":{},"end":{}}],"line":106}},"s":{"0":3,"1":3,"2":3,"3":5,"4":5,"5":5,"6":5,"7":1,"8":5,"9":5,"10":5,"11":5,"12":5,"13":5,"14":1,"15":15,"16":15,"17":10,"18":5,"19":5},"f":{"0":5,"1":5,"2":5,"3":1,"4":5,"5":1,"6":15,"7":5},"b":{"0":[4,1],"1":[5,0],"2":[5,0],"3":[5,5],"4":[10,5]},"meta":{"lastBranch":5,"lastFunction":8,"lastStatement":20,"seen":{"s:5:24:5:Infinity":0,"s:7:45:12:Infinity":1,"s:14:41:23:Infinity":2,"f:25:9:25:19":0,"s:26:2:28:Infinity":3,"b:27:6:27:Infinity:28:6:28:Infinity":0,"f:31:9:31:19":1,"s:38:8:38:Infinity":4,"s:40:2:46:Infinity":5,"f:40:12:40:18":2,"s:41:4:44:Infinity":6,"f:42:6:42:12":3,"s:42:12:42:Infinity":7,"s:45:4:45:Infinity":8,"f:45:11:45:17":4,"s:45:17:45:Infinity":9,"s:48:19:48:Infinity":10,"s:49:17:49:Infinity":11,"b:49:17:49:43:49:43:49:Infinity":1,"s:50:13:50:Infinity":12,"b:50:13:50:35:50:35:50:Infinity":2,"s:52:2:99:Infinity":13,"b:73:11:73:Infinity:74:12:76:Infinity":3,"f:80:19:80:25":5,"s:80:25:80:Infinity":14,"f:103:24:103:38":6,"s:104:31:104:Infinity":15,"b:106:2:106:Infinity:undefined:undefined:undefined:undefined":4,"s:106:2:106:Infinity":16,"s:106:27:106:Infinity":17,"s:108:2:117:Infinity":18,"f:110:18:110:19":7,"s:111:8:115:Infinity":19}}}
,"/home/parrot/CloudLine/frontend/src/components/alerts/DriftAlertFeed.tsx": {"path":"/home/parrot/CloudLine/frontend/src/components/alerts/DriftAlertFeed.tsx","statementMap":{"0":{"start":{"line":6,"column":12},"end":{"line":6,"column":null}},"1":{"start":{"line":7,"column":2},"end":{"line":11,"column":null}},"2":{"start":{"line":15,"column":2},"end":{"line":15,"column":null}},"3":{"start":{"line":19,"column":2},"end":{"line":21,"column":null}},"4":{"start":{"line":31,"column":2},"end":{"line":63,"column":null}},"5":{"start":{"line":33,"column":21},"end":{"line":33,"column":null}},"6":{"start":{"line":68,"column":48},"end":{"line":69,"column":null}},"7":{"start":{"line":71,"column":2},"end":{"line":113,"column":null}},"8":{"start":{"line":105,"column":12},"end":{"line":109,"column":null}}},"fnMap":{"0":{"name":"formatTime","decl":{"start":{"line":5,"column":9},"end":{"line":5,"column":20}},"loc":{"start":{"line":5,"column":40},"end":{"line":12,"column":null}},"line":5},"1":{"name":"typeIcon","decl":{"start":{"line":14,"column":9},"end":{"line":14,"column":18}},"loc":{"start":{"line":14,"column":40},"end":{"line":16,"column":null}},"line":14},"2":{"name":"typeBg","decl":{"start":{"line":18,"column":9},"end":{"line":18,"column":16}},"loc":{"start":{"line":18,"column":38},"end":{"line":22,"column":null}},"line":18},"3":{"name":"AlertItem","decl":{"start":{"line":24,"column":9},"end":{"line":24,"column":19}},"loc":{"start":{"line":30,"column":3},"end":{"line":65,"column":null}},"line":30},"4":{"name":"(anonymous_4)","decl":{"start":{"line":33,"column":15},"end":{"line":33,"column":21}},"loc":{"start":{"line":33,"column":21},"end":{"line":33,"column":null}},"line":33},"5":{"name":"DriftAlertFeed","decl":{"start":{"line":67,"column":24},"end":{"line":67,"column":41}},"loc":{"start":{"line":67,"column":41},"end":{"line":115,"column":null}},"line":67},"6":{"name":"(anonymous_6)","decl":{"start":{"line":104,"column":21},"end":{"line":104,"column":22}},"loc":{"start":{"line":105,"column":12},"end":{"line":109,"column":null}},"line":105}},"branchMap":{"0":{"loc":{"start":{"line":15,"column":9},"end":{"line":15,"column":null}},"type":"cond-expr","locations":[{"start":{"line":15,"column":36},"end":{"line":15,"column":42}},{"start":{"line":15,"column":42},"end":{"line":15,"column":null}}],"line":15},"1":{"loc":{"start":{"line":19,"column":9},"end":{"line":21,"column":null}},"type":"cond-expr","locations":[{"start":{"line":20,"column":6},"end":{"line":20,"column":null}},{"start":{"line":21,"column":6},"end":{"line":21,"column":null}}],"line":19},"2":{"loc":{"start":{"line":35,"column":8},"end":{"line":37,"column":null}},"type":"cond-expr","locations":[{"start":{"line":36,"column":12},"end":{"line":36,"column":null}},{"start":{"line":37,"column":12},"end":{"line":37,"column":null}}],"line":35},"3":{"loc":{"start":{"line":80,"column":14},"end":{"line":84,"column":null}},"type":"cond-expr","locations":[{"start":{"line":81,"column":18},"end":{"line":81,"column":null}},{"start":{"line":82,"column":18},"end":{"line":84,"column":null}}],"line":80},"4":{"loc":{"start":{"line":82,"column":18},"end":{"line":84,"column":null}},"type":"cond-expr","locations":[{"start":{"line":83,"column":20},"end":{"line":83,"column":null}},{"start":{"line":84,"column":20},"end":{"line":84,"column":null}}],"line":82},"5":{"loc":{"start":{"line":89,"column":9},"end":{"line":95,"column":null}},"type":"binary-expr","locations":[{"start":{"line":89,"column":9},"end":{"line":89,"column":null}},{"start":{"line":90,"column":10},"end":{"line":95,"column":null}}],"line":89},"6":{"loc":{"start":{"line":99,"column":9},"end":{"line":110,"column":null}},"type":"cond-expr","locations":[{"start":{"line":100,"column":10},"end":{"line":102,"column":null}},{"start":{"line":104,"column":10},"end":{"line":110,"column":null}}],"line":99}},"s":{"0":4,"1":4,"2":4,"3":4,"4":4,"5":1,"6":11,"7":11,"8":4},"f":{"0":4,"1":4,"2":4,"3":4,"4":1,"5":11,"6":4},"b":{"0":[4,0],"1":[4,0],"2":[3,1],"3":[0,11],"4":[0,11],"5":[11,4],"6":[7,4]},"meta":{"lastBranch":7,"lastFunction":7,"lastStatement":9,"seen":{"f:5:9:5:20":0,"s:6:12:6:Infinity":0,"s:7:2:11:Infinity":1,"f:14:9:14:18":1,"s:15:2:15:Infinity":2,"b:15:36:15:42:15:42:15:Infinity":0,"f:18:9:18:16":2,"s:19:2:21:Infinity":3,"b:20:6:20:Infinity:21:6:21:Infinity":1,"f:24:9:24:19":3,"s:31:2:63:Infinity":4,"f:33:15:33:21":4,"s:33:21:33:Infinity":5,"b:36:12:36:Infinity:37:12:37:Infinity":2,"f:67:24:67:41":5,"s:68:48:69:Infinity":6,"s:71:2:113:Infinity":7,"b:81:18:81:Infinity:82:18:84:Infinity":3,"b:83:20:83:Infinity:84:20:84:Infinity":4,"b:89:9:89:Infinity:90:10:95:Infinity":5,"b:100:10:102:Infinity:104:10:110:Infinity":6,"f:104:21:104:22":6,"s:105:12:109:Infinity":8}}}
,"/home/parrot/CloudLine/frontend/src/components/auth/ProtectedRoute.tsx": {"path":"/home/parrot/CloudLine/frontend/src/components/auth/ProtectedRoute.tsx","statementMap":{"0":{"start":{"line":9,"column":37},"end":{"line":9,"column":null}},"1":{"start":{"line":10,"column":8},"end":{"line":10,"column":null}},"2":{"start":{"line":12,"column":2},"end":{"line":18,"column":null}},"3":{"start":{"line":13,"column":4},"end":{"line":16,"column":null}},"4":{"start":{"line":20,"column":2},"end":{"line":28,"column":null}},"5":{"start":{"line":21,"column":4},"end":{"line":26,"column":null}},"6":{"start":{"line":30,"column":2},"end":{"line":30,"column":null}}},"fnMap":{"0":{"name":"ProtectedRoute","decl":{"start":{"line":4,"column":24},"end":{"line":4,"column":39}},"loc":{"start":{"line":8,"column":3},"end":{"line":31,"column":null}},"line":8}},"branchMap":{"0":{"loc":{"start":{"line":12,"column":2},"end":{"line":18,"column":null}},"type":"if","locations":[{"start":{"line":12,"column":2},"end":{"line":18,"column":null}},{"start":{},"end":{}}],"line":12},"1":{"loc":{"start":{"line":20,"column":2},"end":{"line":28,"column":null}},"type":"if","locations":[{"start":{"line":20,"column":2},"end":{"line":28,"column":null}},{"start":{},"end":{}}],"line":20}},"s":{"0":2,"1":2,"2":2,"3":0,"4":2,"5":1,"6":1},"f":{"0":2},"b":{"0":[0,2],"1":[1,1]},"meta":{"lastBranch":2,"lastFunction":1,"lastStatement":7,"seen":{"f:4:24:4:39":0,"s:9:37:9:Infinity":0,"s:10:8:10:Infinity":1,"b:12:2:18:Infinity:undefined:undefined:undefined:undefined":0,"s:12:2:18:Infinity":2,"s:13:4:16:Infinity":3,"b:20:2:28:Infinity:undefined:undefined:undefined:undefined":1,"s:20:2:28:Infinity":4,"s:21:4:26:Infinity":5,"s:30:2:30:Infinity":6}}}
,"/home/parrot/CloudLine/frontend/src/components/auth/RoleGuard.tsx": {"path":"/home/parrot/CloudLine/frontend/src/components/auth/RoleGuard.tsx","statementMap":{"0":{"start":{"line":16,"column":18},"end":{"line":16,"column":null}},"1":{"start":{"line":18,"column":2},"end":{"line":30,"column":null}},"2":{"start":{"line":19,"column":4},"end":{"line":28,"column":null}},"3":{"start":{"line":32,"column":2},"end":{"line":32,"column":null}}},"fnMap":{"0":{"name":"RoleGuard","decl":{"start":{"line":11,"column":24},"end":{"line":11,"column":34}},"loc":{"start":{"line":15,"column":10},"end":{"line":33,"column":null}},"line":15}},"branchMap":{"0":{"loc":{"start":{"line":18,"column":2},"end":{"line":30,"column":null}},"type":"if","locations":[{"start":{"line":18,"column":2},"end":{"line":30,"column":null}},{"start":{},"end":{}}],"line":18},"1":{"loc":{"start":{"line":19,"column":11},"end":{"line":28,"column":null}},"type":"cond-expr","locations":[{"start":{"line":20,"column":6},"end":{"line":20,"column":null}},{"start":{"line":22,"column":6},"end":{"line":28,"column":null}}],"line":19}},"s":{"0":6,"1":6,"2":4,"3":2},"f":{"0":6},"b":{"0":[4,2],"1":[1,3]},"meta":{"lastBranch":2,"lastFunction":1,"lastStatement":4,"seen":{"f:11:24:11:34":0,"s:16:18:16:Infinity":0,"b:18:2:30:Infinity:undefined:undefined:undefined:undefined":0,"s:18:2:30:Infinity":1,"s:19:4:28:Infinity":2,"b:20:6:20:Infinity:22:6:28:Infinity":1,"s:32:2:32:Infinity":3}}}
,"/home/parrot/CloudLine/frontend/src/components/dashboard/ComplianceScoreDonut.tsx": {"path":"/home/parrot/CloudLine/frontend/src/components/dashboard/ComplianceScoreDonut.tsx","statementMap":{"0":{"start":{"line":13,"column":15},"end":{"line":13,"column":null}},"1":{"start":{"line":18,"column":20},"end":{"line":23,"column":null}},"2":{"start":{"line":23,"column":18},"end":{"line":23,"column":29}},"3":{"start":{"line":26,"column":4},"end":{"line":30,"column":null}},"4":{"start":{"line":32,"column":2},"end":{"line":92,"column":null}},"5":{"start":{"line":50,"column":16},"end":{"line":53,"column":null}}},"fnMap":{"0":{"name":"ComplianceScoreDonut","decl":{"start":{"line":15,"column":24},"end":{"line":15,"column":45}},"loc":{"start":{"line":17,"column":10},"end":{"line":94,"column":null}},"line":17},"1":{"name":"(anonymous_1)","decl":{"start":{"line":23,"column":11},"end":{"line":23,"column":12}},"loc":{"start":{"line":23,"column":18},"end":{"line":23,"column":29}},"line":23},"2":{"name":"(anonymous_2)","decl":{"start":{"line":49,"column":29},"end":{"line":49,"column":30}},"loc":{"start":{"line":50,"column":16},"end":{"line":53,"column":null}},"line":50}},"branchMap":{"0":{"loc":{"start":{"line":26,"column":4},"end":{"line":30,"column":null}},"type":"cond-expr","locations":[{"start":{"line":27,"column":8},"end":{"line":27,"column":null}},{"start":{"line":28,"column":8},"end":{"line":30,"column":null}}],"line":26},"1":{"loc":{"start":{"line":28,"column":8},"end":{"line":30,"column":null}},"type":"cond-expr","locations":[{"start":{"line":29,"column":10},"end":{"line":29,"column":null}},{"start":{"line":30,"column":10},"end":{"line":30,"column":null}}],"line":28}},"s":{"0":1,"1":3,"2":12,"3":3,"4":3,"5":6},"f":{"0":3,"1":12,"2":6},"b":{"0":[3,0],"1":[0,0]},"meta":{"lastBranch":2,"lastFunction":3,"lastStatement":6,"seen":{"s:13:15:13:Infinity":0,"f:15:24:15:45":0,"s:18:20:23:Infinity":1,"f:23:11:23:12":1,"s:23:18:23:29":2,"s:26:4:30:Infinity":3,"b:27:8:27:Infinity:28:8:30:Infinity":0,"b:29:10:29:Infinity:30:10:30:Infinity":1,"s:32:2:92:Infinity":4,"f:49:29:49:30":2,"s:50:16:53:Infinity":5}}}
,"/home/parrot/CloudLine/frontend/src/components/dashboard/DomainDonut.tsx": {"path":"/home/parrot/CloudLine/frontend/src/components/dashboard/DomainDonut.tsx","statementMap":{"0":{"start":{"line":14,"column":22},"end":{"line":21,"column":null}},"1":{"start":{"line":24,"column":20},"end":{"line":32,"column":null}},"2":{"start":{"line":25,"column":24},"end":{"line":31,"column":null}},"3":{"start":{"line":34,"column":2},"end":{"line":73,"column":null}},"4":{"start":{"line":50,"column":16},"end":{"line":50,"column":null}},"5":{"start":{"line":54,"column":16},"end":{"line":61,"column":null}},"6":{"start":{"line":65,"column":36},"end":{"line":68,"column":null}}},"fnMap":{"0":{"name":"DomainDonut","decl":{"start":{"line":23,"column":24},"end":{"line":23,"column":36}},"loc":{"start":{"line":23,"column":56},"end":{"line":75,"column":null}},"line":23},"1":{"name":"(anonymous_1)","decl":{"start":{"line":25,"column":4},"end":{"line":25,"column":5}},"loc":{"start":{"line":25,"column":24},"end":{"line":31,"column":null}},"line":25},"2":{"name":"(anonymous_2)","decl":{"start":{"line":49,"column":21},"end":{"line":49,"column":22}},"loc":{"start":{"line":50,"column":16},"end":{"line":50,"column":null}},"line":50},"3":{"name":"(anonymous_3)","decl":{"start":{"line":53,"column":29},"end":{"line":53,"column":30}},"loc":{"start":{"line":54,"column":16},"end":{"line":61,"column":null}},"line":54},"4":{"name":"(anonymous_4)","decl":{"start":{"line":65,"column":25},"end":{"line":65,"column":26}},"loc":{"start":{"line":65,"column":36},"end":{"line":68,"column":null}},"line":65}},"branchMap":{},"s":{"0":1,"1":2,"2":1,"3":2,"4":0,"5":1,"6":0},"f":{"0":2,"1":1,"2":0,"3":1,"4":0},"b":{},"meta":{"lastBranch":0,"lastFunction":5,"lastStatement":7,"seen":{"s:14:22:21:Infinity":0,"f:23:24:23:36":0,"s:24:20:32:Infinity":1,"f:25:4:25:5":1,"s:25:24:31:Infinity":2,"s:34:2:73:Infinity":3,"f:49:21:49:22":2,"s:50:16:50:Infinity":4,"f:53:29:53:30":3,"s:54:16:61:Infinity":5,"f:65:25:65:26":4,"s:65:36:68:Infinity":6}}}
,"/home/parrot/CloudLine/frontend/src/components/dashboard/RiskCards.tsx": {"path":"/home/parrot/CloudLine/frontend/src/components/dashboard/RiskCards.tsx","statementMap":{"0":{"start":{"line":10,"column":4},"end":{"line":31,"column":null}},"1":{"start":{"line":33,"column":39},"end":{"line":38,"column":null}},"2":{"start":{"line":41,"column":2},"end":{"line":103,"column":null}},"3":{"start":{"line":49,"column":24},"end":{"line":49,"column":null}},"4":{"start":{"line":50,"column":24},"end":{"line":50,"column":null}},"5":{"start":{"line":51,"column":10},"end":{"line":64,"column":null}},"6":{"start":{"line":75,"column":12},"end":{"line":93,"column":null}}},"fnMap":{"0":{"name":"RiskCards","decl":{"start":{"line":40,"column":24},"end":{"line":40,"column":34}},"loc":{"start":{"line":40,"column":51},"end":{"line":105,"column":null}},"line":40},"1":{"name":"(anonymous_1)","decl":{"start":{"line":48,"column":28},"end":{"line":48,"column":29}},"loc":{"start":{"line":48,"column":37},"end":{"line":66,"column":9}},"line":48},"2":{"name":"(anonymous_2)","decl":{"start":{"line":74,"column":45},"end":{"line":74,"column":46}},"loc":{"start":{"line":75,"column":12},"end":{"line":93,"column":null}},"line":75}},"branchMap":{"0":{"loc":{"start":{"line":50,"column":24},"end":{"line":50,"column":null}},"type":"binary-expr","locations":[{"start":{"line":50,"column":24},"end":{"line":50,"column":49}},{"start":{"line":50,"column":49},"end":{"line":50,"column":null}}],"line":50},"1":{"loc":{"start":{"line":84,"column":18},"end":{"line":88,"column":null}},"type":"cond-expr","locations":[{"start":{"line":85,"column":22},"end":{"line":85,"column":null}},{"start":{"line":86,"column":22},"end":{"line":88,"column":null}}],"line":84},"2":{"loc":{"start":{"line":86,"column":22},"end":{"line":88,"column":null}},"type":"cond-expr","locations":[{"start":{"line":87,"column":24},"end":{"line":87,"column":null}},{"start":{"line":88,"column":24},"end":{"line":88,"column":null}}],"line":86}},"s":{"0":1,"1":1,"2":2,"3":8,"4":8,"5":8,"6":2},"f":{"0":2,"1":8,"2":2},"b":{"0":[8,0],"1":[1,1],"2":[1,0]},"meta":{"lastBranch":3,"lastFunction":3,"lastStatement":7,"seen":{"s:10:4:31:Infinity":0,"s:33:39:38:Infinity":1,"f:40:24:40:34":0,"s:41:2:103:Infinity":2,"f:48:28:48:29":1,"s:49:24:49:Infinity":3,"s:50:24:50:Infinity":4,"b:50:24:50:49:50:49:50:Infinity":0,"s:51:10:64:Infinity":5,"f:74:45:74:46":2,"s:75:12:93:Infinity":6,"b:85:22:85:Infinity:86:22:88:Infinity":1,"b:87:24:87:Infinity:88:24:88:Infinity":2}}}
,"/home/parrot/CloudLine/frontend/src/components/dashboard/SeverityBar.tsx": {"path":"/home/parrot/CloudLine/frontend/src/components/dashboard/SeverityBar.tsx","statementMap":{"0":{"start":{"line":15,"column":48},"end":{"line":20,"column":null}},"1":{"start":{"line":22,"column":23},"end":{"line":27,"column":null}},"2":{"start":{"line":32,"column":20},"end":{"line":36,"column":null}},"3":{"start":{"line":32,"column":49},"end":{"line":36,"column":4}},"4":{"start":{"line":38,"column":2},"end":{"line":70,"column":null}},"5":{"start":{"line":61,"column":16},"end":{"line":64,"column":null}}},"fnMap":{"0":{"name":"SeverityBar","decl":{"start":{"line":29,"column":24},"end":{"line":29,"column":36}},"loc":{"start":{"line":31,"column":10},"end":{"line":72,"column":null}},"line":31},"1":{"name":"(anonymous_1)","decl":{"start":{"line":32,"column":39},"end":{"line":32,"column":40}},"loc":{"start":{"line":32,"column":49},"end":{"line":36,"column":4}},"line":32},"2":{"name":"(anonymous_2)","decl":{"start":{"line":60,"column":29},"end":{"line":60,"column":30}},"loc":{"start":{"line":61,"column":16},"end":{"line":64,"column":null}},"line":61}},"branchMap":{"0":{"loc":{"start":{"line":35,"column":11},"end":{"line":35,"column":null}},"type":"binary-expr","locations":[{"start":{"line":35,"column":11},"end":{"line":35,"column":30}},{"start":{"line":35,"column":30},"end":{"line":35,"column":null}}],"line":35}},"s":{"0":1,"1":1,"2":1,"3":4,"4":1,"5":4},"f":{"0":1,"1":4,"2":4},"b":{"0":[4,4]},"meta":{"lastBranch":1,"lastFunction":3,"lastStatement":6,"seen":{"s:15:48:20:Infinity":0,"s:22:23:27:Infinity":1,"f:29:24:29:36":0,"s:32:20:36:Infinity":2,"f:32:39:32:40":1,"s:32:49:36:4":3,"b:35:11:35:30:35:30:35:Infinity":0,"s:38:2:70:Infinity":4,"f:60:29:60:30":2,"s:61:16:64:Infinity":5}}}
,"/home/parrot/CloudLine/frontend/src/components/layout/Header.tsx": {"path":"/home/parrot/CloudLine/frontend/src/components/layout/Header.tsx","statementMap":{"0":{"start":{"line":6,"column":22},"end":{"line":8,"column":null}},"1":{"start":{"line":7,"column":4},"end":{"line":7,"column":null}},"2":{"start":{"line":9,"column":30},"end":{"line":9,"column":null}},"3":{"start":{"line":10,"column":8},"end":{"line":10,"column":null}},"4":{"start":{"line":11,"column":30},"end":{"line":11,"column":null}},"5":{"start":{"line":13,"column":2},"end":{"line":22,"column":null}},"6":{"start":{"line":14,"column":17},"end":{"line":14,"column":null}},"7":{"start":{"line":15,"column":4},"end":{"line":21,"column":null}},"8":{"start":{"line":16,"column":6},"end":{"line":16,"column":null}},"9":{"start":{"line":17,"column":6},"end":{"line":17,"column":null}},"10":{"start":{"line":19,"column":6},"end":{"line":19,"column":null}},"11":{"start":{"line":20,"column":6},"end":{"line":20,"column":null}},"12":{"start":{"line":24,"column":2},"end":{"line":44,"column":null}},"13":{"start":{"line":26,"column":6},"end":{"line":31,"column":null}},"14":{"start":{"line":30,"column":8},"end":{"line":30,"column":null}},"15":{"start":{"line":33,"column":4},"end":{"line":38,"column":null}},"16":{"start":{"line":34,"column":6},"end":{"line":37,"column":null}},"17":{"start":{"line":39,"column":4},"end":{"line":43,"column":null}},"18":{"start":{"line":40,"column":6},"end":{"line":43,"column":null}},"19":{"start":{"line":46,"column":2},"end":{"line":153,"column":null}},"20":{"start":{"line":70,"column":27},"end":{"line":70,"column":null}},"21":{"start":{"line":110,"column":25},"end":{"line":110,"column":null}}},"fnMap":{"0":{"name":"Header","decl":{"start":{"line":5,"column":24},"end":{"line":5,"column":33}},"loc":{"start":{"line":5,"column":33},"end":{"line":155,"column":null}},"line":5},"1":{"name":"(anonymous_1)","decl":{"start":{"line":6,"column":35},"end":{"line":6,"column":41}},"loc":{"start":{"line":6,"column":41},"end":{"line":8,"column":3}},"line":6},"2":{"name":"(anonymous_2)","decl":{"start":{"line":13,"column":12},"end":{"line":13,"column":18}},"loc":{"start":{"line":13,"column":18},"end":{"line":22,"column":5}},"line":13},"3":{"name":"(anonymous_3)","decl":{"start":{"line":24,"column":12},"end":{"line":24,"column":18}},"loc":{"start":{"line":24,"column":18},"end":{"line":44,"column":5}},"line":24},"4":{"name":"handleClickOutside","decl":{"start":{"line":25,"column":13},"end":{"line":25,"column":32}},"loc":{"start":{"line":25,"column":47},"end":{"line":32,"column":null}},"line":25},"5":{"name":"(anonymous_5)","decl":{"start":{"line":39,"column":11},"end":{"line":39,"column":null}},"loc":{"start":{"line":40,"column":6},"end":{"line":43,"column":null}},"line":40},"6":{"name":"(anonymous_6)","decl":{"start":{"line":70,"column":21},"end":{"line":70,"column":27}},"loc":{"start":{"line":70,"column":27},"end":{"line":70,"column":null}},"line":70},"7":{"name":"(anonymous_7)","decl":{"start":{"line":110,"column":19},"end":{"line":110,"column":25}},"loc":{"start":{"line":110,"column":25},"end":{"line":110,"column":null}},"line":110}},"branchMap":{"0":{"loc":{"start":{"line":15,"column":4},"end":{"line":21,"column":null}},"type":"if","locations":[{"start":{"line":15,"column":4},"end":{"line":21,"column":null}},{"start":{"line":18,"column":11},"end":{"line":21,"column":null}}],"line":15},"1":{"loc":{"start":{"line":26,"column":6},"end":{"line":31,"column":null}},"type":"if","locations":[{"start":{"line":26,"column":6},"end":{"line":31,"column":null}},{"start":{},"end":{}}],"line":26},"2":{"loc":{"start":{"line":27,"column":8},"end":{"line":28,"column":null}},"type":"binary-expr","locations":[{"start":{"line":27,"column":8},"end":{"line":27,"column":null}},{"start":{"line":28,"column":8},"end":{"line":28,"column":null}}],"line":27},"3":{"loc":{"start":{"line":33,"column":4},"end":{"line":38,"column":null}},"type":"if","locations":[{"start":{"line":33,"column":4},"end":{"line":38,"column":null}},{"start":{},"end":{}}],"line":33},"4":{"loc":{"start":{"line":51,"column":12},"end":{"line":55,"column":null}},"type":"cond-expr","locations":[{"start":{"line":52,"column":16},"end":{"line":52,"column":null}},{"start":{"line":53,"column":16},"end":{"line":55,"column":null}}],"line":51},"5":{"loc":{"start":{"line":53,"column":16},"end":{"line":55,"column":null}},"type":"cond-expr","locations":[{"start":{"line":54,"column":18},"end":{"line":54,"column":null}},{"start":{"line":55,"column":18},"end":{"line":55,"column":null}}],"line":53},"6":{"loc":{"start":{"line":59,"column":11},"end":{"line":63,"column":null}},"type":"cond-expr","locations":[{"start":{"line":60,"column":14},"end":{"line":60,"column":null}},{"start":{"line":61,"column":14},"end":{"line":63,"column":null}}],"line":59},"7":{"loc":{"start":{"line":61,"column":14},"end":{"line":63,"column":null}},"type":"cond-expr","locations":[{"start":{"line":62,"column":16},"end":{"line":62,"column":null}},{"start":{"line":63,"column":16},"end":{"line":63,"column":null}}],"line":61},"8":{"loc":{"start":{"line":93,"column":13},"end":{"line":98,"column":null}},"type":"binary-expr","locations":[{"start":{"line":93,"column":13},"end":{"line":93,"column":null}},{"start":{"line":94,"column":14},"end":{"line":98,"column":null}}],"line":93},"9":{"loc":{"start":{"line":95,"column":17},"end":{"line":97,"column":null}},"type":"cond-expr","locations":[{"start":{"line":96,"column":20},"end":{"line":96,"column":null}},{"start":{"line":97,"column":20},"end":{"line":97,"column":null}}],"line":95},"10":{"loc":{"start":{"line":101,"column":11},"end":{"line":104,"column":null}},"type":"binary-expr","locations":[{"start":{"line":101,"column":11},"end":{"line":101,"column":null}},{"start":{"line":102,"column":12},"end":{"line":104,"column":null}}],"line":101},"11":{"loc":{"start":{"line":114,"column":11},"end":{"line":149,"column":null}},"type":"cond-expr","locations":[{"start":{"line":115,"column":12},"end":{"line":132,"column":null}},{"start":{"line":134,"column":12},"end":{"line":149,"column":null}}],"line":114}},"s":{"0":10,"1":7,"2":10,"3":10,"4":10,"5":10,"6":9,"7":9,"8":1,"9":1,"10":8,"11":8,"12":10,"13":0,"14":0,"15":8,"16":1,"17":8,"18":8,"19":10,"20":1,"21":2},"f":{"0":10,"1":7,"2":9,"3":8,"4":0,"5":8,"6":1,"7":2},"b":{"0":[1,8],"1":[0,0],"2":[0,0],"3":[1,7],"4":[0,10],"5":[0,10],"6":[0,10],"7":[0,10],"8":[10,0],"9":[0,0],"10":[10,1],"11":[1,9]},"meta":{"lastBranch":12,"lastFunction":8,"lastStatement":22,"seen":{"f:5:24:5:33":0,"s:6:22:8:Infinity":0,"f:6:35:6:41":1,"s:7:4:7:Infinity":1,"s:9:30:9:Infinity":2,"s:10:8:10:Infinity":3,"s:11:30:11:Infinity":4,"s:13:2:22:Infinity":5,"f:13:12:13:18":2,"s:14:17:14:Infinity":6,"b:15:4:21:Infinity:18:11:21:Infinity":0,"s:15:4:21:Infinity":7,"s:16:6:16:Infinity":8,"s:17:6:17:Infinity":9,"s:19:6:19:Infinity":10,"s:20:6:20:Infinity":11,"s:24:2:44:Infinity":12,"f:24:12:24:18":3,"f:25:13:25:32":4,"b:26:6:31:Infinity:undefined:undefined:undefined:undefined":1,"s:26:6:31:Infinity":13,"b:27:8:27:Infinity:28:8:28:Infinity":2,"s:30:8:30:Infinity":14,"b:33:4:38:Infinity:undefined:undefined:undefined:undefined":3,"s:33:4:38:Infinity":15,"s:34:6:37:Infinity":16,"s:39:4:43:Infinity":17,"f:39:11:39:Infinity":5,"s:40:6:43:Infinity":18,"s:46:2:153:Infinity":19,"b:52:16:52:Infinity:53:16:55:Infinity":4,"b:54:18:54:Infinity:55:18:55:Infinity":5,"b:60:14:60:Infinity:61:14:63:Infinity":6,"b:62:16:62:Infinity:63:16:63:Infinity":7,"f:70:21:70:27":6,"s:70:27:70:Infinity":20,"b:93:13:93:Infinity:94:14:98:Infinity":8,"b:96:20:96:Infinity:97:20:97:Infinity":9,"b:101:11:101:Infinity:102:12:104:Infinity":10,"f:110:19:110:25":7,"s:110:25:110:Infinity":21,"b:115:12:132:Infinity:134:12:149:Infinity":11}}}
,"/home/parrot/CloudLine/frontend/src/components/layout/Layout.tsx": {"path":"/home/parrot/CloudLine/frontend/src/components/layout/Layout.tsx","statementMap":{"0":{"start":{"line":8,"column":2},"end":{"line":8,"column":null}},"1":{"start":{"line":10,"column":2},"end":{"line":20,"column":null}}},"fnMap":{"0":{"name":"Layout","decl":{"start":{"line":7,"column":24},"end":{"line":7,"column":33}},"loc":{"start":{"line":7,"column":33},"end":{"line":22,"column":null}},"line":7}},"branchMap":{},"s":{"0":2,"1":2},"f":{"0":2},"b":{},"meta":{"lastBranch":0,"lastFunction":1,"lastStatement":2,"seen":{"f:7:24:7:33":0,"s:8:2:8:Infinity":0,"s:10:2:20:Infinity":1}}}
,"/home/parrot/CloudLine/frontend/src/components/layout/Sidebar.tsx": {"path":"/home/parrot/CloudLine/frontend/src/components/layout/Sidebar.tsx","statementMap":{"0":{"start":{"line":5,"column":17},"end":{"line":11,"column":null}},"1":{"start":{"line":13,"column":43},"end":{"line":123,"column":null}},"2":{"start":{"line":126,"column":23},"end":{"line":126,"column":null}},"3":{"start":{"line":128,"column":2},"end":{"line":198,"column":null}},"4":{"start":{"line":141,"column":10},"end":{"line":156,"column":null}},"5":{"start":{"line":145,"column":14},"end":{"line":151,"column":null}}},"fnMap":{"0":{"name":"Sidebar","decl":{"start":{"line":125,"column":24},"end":{"line":125,"column":34}},"loc":{"start":{"line":125,"column":34},"end":{"line":200,"column":null}},"line":125},"1":{"name":"(anonymous_1)","decl":{"start":{"line":140,"column":22},"end":{"line":140,"column":23}},"loc":{"start":{"line":141,"column":10},"end":{"line":156,"column":null}},"line":141},"2":{"name":"(anonymous_2)","decl":{"start":{"line":144,"column":23},"end":{"line":144,"column":24}},"loc":{"start":{"line":145,"column":14},"end":{"line":151,"column":null}},"line":145}},"branchMap":{"0":{"loc":{"start":{"line":148,"column":17},"end":{"line":150,"column":null}},"type":"cond-expr","locations":[{"start":{"line":149,"column":21},"end":{"line":149,"column":null}},{"start":{"line":150,"column":21},"end":{"line":150,"column":null}}],"line":148},"1":{"loc":{"start":{"line":161,"column":9},"end":{"line":194,"column":null}},"type":"binary-expr","locations":[{"start":{"line":161,"column":9},"end":{"line":161,"column":null}},{"start":{"line":162,"column":10},"end":{"line":194,"column":null}}],"line":161},"2":{"loc":{"start":{"line":165,"column":17},"end":{"line":165,"column":null}},"type":"binary-expr","locations":[{"start":{"line":165,"column":17},"end":{"line":165,"column":30}},{"start":{"line":165,"column":30},"end":{"line":165,"column":null}}],"line":165}},"s":{"0":2,"1":2,"2":10,"3":10,"4":50,"5":50},"f":{"0":10,"1":50,"2":50},"b":{"0":[0,50],"1":[10,5],"2":[5,0]},"meta":{"lastBranch":3,"lastFunction":3,"lastStatement":6,"seen":{"s:5:17:11:Infinity":0,"s:13:43:123:Infinity":1,"f:125:24:125:34":0,"s:126:23:126:Infinity":2,"s:128:2:198:Infinity":3,"f:140:22:140:23":1,"s:141:10:156:Infinity":4,"f:144:23:144:24":2,"s:145:14:151:Infinity":5,"b:149:21:149:Infinity:150:21:150:Infinity":0,"b:161:9:161:Infinity:162:10:194:Infinity":1,"b:165:17:165:30:165:30:165:Infinity":2}}}
,"/home/parrot/CloudLine/frontend/src/components/remediation/AuditTrail.tsx": {"path":"/home/parrot/CloudLine/frontend/src/components/remediation/AuditTrail.tsx","statementMap":{"0":{"start":{"line":4,"column":44},"end":{"line":8,"column":null}},"1":{"start":{"line":11,"column":33},"end":{"line":11,"column":null}},"2":{"start":{"line":13,"column":2},"end":{"line":24,"column":null}},"3":{"start":{"line":14,"column":4},"end":{"line":22,"column":null}},"4":{"start":{"line":17,"column":10},"end":{"line":20,"column":null}},"5":{"start":{"line":26,"column":2},"end":{"line":34,"column":null}},"6":{"start":{"line":27,"column":4},"end":{"line":32,"column":null}},"7":{"start":{"line":36,"column":2},"end":{"line":42,"column":null}},"8":{"start":{"line":37,"column":4},"end":{"line":40,"column":null}},"9":{"start":{"line":44,"column":2},"end":{"line":96,"column":null}},"10":{"start":{"line":71,"column":12},"end":{"line":92,"column":null}}},"fnMap":{"0":{"name":"AuditTrail","decl":{"start":{"line":10,"column":24},"end":{"line":10,"column":37}},"loc":{"start":{"line":10,"column":37},"end":{"line":98,"column":null}},"line":10},"1":{"name":"(anonymous_1)","decl":{"start":{"line":16,"column":39},"end":{"line":16,"column":40}},"loc":{"start":{"line":17,"column":10},"end":{"line":20,"column":null}},"line":17},"2":{"name":"(anonymous_2)","decl":{"start":{"line":70,"column":28},"end":{"line":70,"column":29}},"loc":{"start":{"line":71,"column":12},"end":{"line":92,"column":null}},"line":71}},"branchMap":{"0":{"loc":{"start":{"line":13,"column":2},"end":{"line":24,"column":null}},"type":"if","locations":[{"start":{"line":13,"column":2},"end":{"line":24,"column":null}},{"start":{},"end":{}}],"line":13},"1":{"loc":{"start":{"line":26,"column":2},"end":{"line":34,"column":null}},"type":"if","locations":[{"start":{"line":26,"column":2},"end":{"line":34,"column":null}},{"start":{},"end":{}}],"line":26},"2":{"loc":{"start":{"line":36,"column":2},"end":{"line":42,"column":null}},"type":"if","locations":[{"start":{"line":36,"column":2},"end":{"line":42,"column":null}},{"start":{},"end":{}}],"line":36},"3":{"loc":{"start":{"line":36,"column":6},"end":{"line":36,"column":42}},"type":"binary-expr","locations":[{"start":{"line":36,"column":6},"end":{"line":36,"column":15}},{"start":{"line":36,"column":15},"end":{"line":36,"column":42}}],"line":36},"4":{"loc":{"start":{"line":79,"column":17},"end":{"line":79,"column":null}},"type":"binary-expr","locations":[{"start":{"line":79,"column":17},"end":{"line":79,"column":44}},{"start":{"line":79,"column":44},"end":{"line":79,"column":null}}],"line":79},"5":{"loc":{"start":{"line":85,"column":17},"end":{"line":85,"column":null}},"type":"binary-expr","locations":[{"start":{"line":85,"column":17},"end":{"line":85,"column":39}},{"start":{"line":85,"column":39},"end":{"line":85,"column":null}}],"line":85}},"s":{"0":2,"1":5,"2":5,"3":1,"4":5,"5":4,"6":1,"7":3,"8":2,"9":1,"10":1},"f":{"0":5,"1":5,"2":1},"b":{"0":[1,4],"1":[1,3],"2":[2,1],"3":[3,3],"4":[1,0],"5":[1,0]},"meta":{"lastBranch":6,"lastFunction":3,"lastStatement":11,"seen":{"s:4:44:8:Infinity":0,"f:10:24:10:37":0,"s:11:33:11:Infinity":1,"b:13:2:24:Infinity:undefined:undefined:undefined:undefined":0,"s:13:2:24:Infinity":2,"s:14:4:22:Infinity":3,"f:16:39:16:40":1,"s:17:10:20:Infinity":4,"b:26:2:34:Infinity:undefined:undefined:undefined:undefined":1,"s:26:2:34:Infinity":5,"s:27:4:32:Infinity":6,"b:36:2:42:Infinity:undefined:undefined:undefined:undefined":2,"s:36:2:42:Infinity":7,"b:36:6:36:15:36:15:36:42":3,"s:37:4:40:Infinity":8,"s:44:2:96:Infinity":9,"f:70:28:70:29":2,"s:71:12:92:Infinity":10,"b:79:17:79:44:79:44:79:Infinity":4,"b:85:17:85:39:85:39:85:Infinity":5}}}
,"/home/parrot/CloudLine/frontend/src/components/remediation/AutoConfigPanel.tsx": {"path":"/home/parrot/CloudLine/frontend/src/components/remediation/AutoConfigPanel.tsx","statementMap":{"0":{"start":{"line":7,"column":33},"end":{"line":8,"column":null}},"1":{"start":{"line":9,"column":8},"end":{"line":9,"column":null}},"2":{"start":{"line":11,"column":23},"end":{"line":19,"column":null}},"3":{"start":{"line":15,"column":4},"end":{"line":18,"column":null}},"4":{"start":{"line":21,"column":2},"end":{"line":32,"column":null}},"5":{"start":{"line":22,"column":4},"end":{"line":30,"column":null}},"6":{"start":{"line":25,"column":10},"end":{"line":28,"column":null}},"7":{"start":{"line":34,"column":2},"end":{"line":42,"column":null}},"8":{"start":{"line":35,"column":4},"end":{"line":40,"column":null}},"9":{"start":{"line":44,"column":2},"end":{"line":50,"column":null}},"10":{"start":{"line":45,"column":4},"end":{"line":48,"column":null}},"11":{"start":{"line":52,"column":2},"end":{"line":103,"column":null}},"12":{"start":{"line":55,"column":8},"end":{"line":101,"column":null}},"13":{"start":{"line":81,"column":14},"end":{"line":84,"column":null}}},"fnMap":{"0":{"name":"AutoConfigPanel","decl":{"start":{"line":6,"column":24},"end":{"line":6,"column":42}},"loc":{"start":{"line":6,"column":42},"end":{"line":105,"column":null}},"line":6},"1":{"name":"(anonymous_1)","decl":{"start":{"line":11,"column":23},"end":{"line":11,"column":null}},"loc":{"start":{"line":14,"column":7},"end":{"line":19,"column":null}},"line":14},"2":{"name":"(anonymous_2)","decl":{"start":{"line":24,"column":39},"end":{"line":24,"column":40}},"loc":{"start":{"line":25,"column":10},"end":{"line":28,"column":null}},"line":25},"3":{"name":"(anonymous_3)","decl":{"start":{"line":54,"column":24},"end":{"line":54,"column":25}},"loc":{"start":{"line":55,"column":8},"end":{"line":101,"column":null}},"line":55},"4":{"name":"(anonymous_4)","decl":{"start":{"line":80,"column":21},"end":{"line":80,"column":null}},"loc":{"start":{"line":81,"column":14},"end":{"line":84,"column":null}},"line":81}},"branchMap":{"0":{"loc":{"start":{"line":21,"column":2},"end":{"line":32,"column":null}},"type":"if","locations":[{"start":{"line":21,"column":2},"end":{"line":32,"column":null}},{"start":{},"end":{}}],"line":21},"1":{"loc":{"start":{"line":34,"column":2},"end":{"line":42,"column":null}},"type":"if","locations":[{"start":{"line":34,"column":2},"end":{"line":42,"column":null}},{"start":{},"end":{}}],"line":34},"2":{"loc":{"start":{"line":44,"column":2},"end":{"line":50,"column":null}},"type":"if","locations":[{"start":{"line":44,"column":2},"end":{"line":50,"column":null}},{"start":{},"end":{}}],"line":44},"3":{"loc":{"start":{"line":44,"column":6},"end":{"line":44,"column":42}},"type":"binary-expr","locations":[{"start":{"line":44,"column":6},"end":{"line":44,"column":15}},{"start":{"line":44,"column":15},"end":{"line":44,"column":42}}],"line":44},"4":{"loc":{"start":{"line":69,"column":17},"end":{"line":69,"column":null}},"type":"cond-expr","locations":[{"start":{"line":69,"column":43},"end":{"line":69,"column":51}},{"start":{"line":69,"column":51},"end":{"line":69,"column":null}}],"line":69},"5":{"loc":{"start":{"line":71,"column":15},"end":{"line":74,"column":null}},"type":"binary-expr","locations":[{"start":{"line":71,"column":15},"end":{"line":71,"column":null}},{"start":{"line":72,"column":16},"end":{"line":74,"column":null}}],"line":71},"6":{"loc":{"start":{"line":88,"column":14},"end":{"line":90,"column":null}},"type":"cond-expr","locations":[{"start":{"line":89,"column":18},"end":{"line":89,"column":null}},{"start":{"line":90,"column":18},"end":{"line":90,"column":null}}],"line":88},"7":{"loc":{"start":{"line":95,"column":16},"end":{"line":97,"column":null}},"type":"cond-expr","locations":[{"start":{"line":96,"column":20},"end":{"line":96,"column":null}},{"start":{"line":97,"column":20},"end":{"line":97,"column":null}}],"line":95}},"s":{"0":7,"1":7,"2":7,"3":1,"4":7,"5":1,"6":3,"7":6,"8":1,"9":5,"10":2,"11":3,"12":3,"13":1},"f":{"0":7,"1":1,"2":3,"3":3,"4":1},"b":{"0":[1,6],"1":[1,5],"2":[2,3],"3":[5,5],"4":[3,0],"5":[3,3],"6":[3,0],"7":[3,0]},"meta":{"lastBranch":8,"lastFunction":5,"lastStatement":14,"seen":{"f:6:24:6:42":0,"s:7:33:8:Infinity":0,"s:9:8:9:Infinity":1,"s:11:23:19:Infinity":2,"f:11:23:11:Infinity":1,"s:15:4:18:Infinity":3,"b:21:2:32:Infinity:undefined:undefined:undefined:undefined":0,"s:21:2:32:Infinity":4,"s:22:4:30:Infinity":5,"f:24:39:24:40":2,"s:25:10:28:Infinity":6,"b:34:2:42:Infinity:undefined:undefined:undefined:undefined":1,"s:34:2:42:Infinity":7,"s:35:4:40:Infinity":8,"b:44:2:50:Infinity:undefined:undefined:undefined:undefined":2,"s:44:2:50:Infinity":9,"b:44:6:44:15:44:15:44:42":3,"s:45:4:48:Infinity":10,"s:52:2:103:Infinity":11,"f:54:24:54:25":3,"s:55:8:101:Infinity":12,"b:69:43:69:51:69:51:69:Infinity":4,"b:71:15:71:Infinity:72:16:74:Infinity":5,"f:80:21:80:Infinity":4,"s:81:14:84:Infinity":13,"b:89:18:89:Infinity:90:18:90:Infinity":6,"b:96:20:96:Infinity:97:20:97:Infinity":7}}}
,"/home/parrot/CloudLine/frontend/src/components/remediation/ExecutePanel.tsx": {"path":"/home/parrot/CloudLine/frontend/src/components/remediation/ExecutePanel.tsx","statementMap":{"0":{"start":{"line":11,"column":36},"end":{"line":11,"column":null}},"1":{"start":{"line":12,"column":28},"end":{"line":12,"column":null}},"2":{"start":{"line":13,"column":8},"end":{"line":13,"column":null}},"3":{"start":{"line":15,"column":24},"end":{"line":24,"column":null}},"4":{"start":{"line":16,"column":4},"end":{"line":16,"column":null}},"5":{"start":{"line":16,"column":41},"end":{"line":16,"column":null}},"6":{"start":{"line":17,"column":4},"end":{"line":23,"column":null}},"7":{"start":{"line":26,"column":2},"end":{"line":103,"column":null}},"8":{"start":{"line":41,"column":14},"end":{"line":41,"column":null}},"9":{"start":{"line":52,"column":29},"end":{"line":52,"column":null}}},"fnMap":{"0":{"name":"ExecutePanel","decl":{"start":{"line":8,"column":24},"end":{"line":8,"column":37}},"loc":{"start":{"line":10,"column":10},"end":{"line":105,"column":null}},"line":10},"1":{"name":"(anonymous_1)","decl":{"start":{"line":15,"column":24},"end":{"line":15,"column":30}},"loc":{"start":{"line":15,"column":30},"end":{"line":24,"column":null}},"line":15},"2":{"name":"(anonymous_2)","decl":{"start":{"line":40,"column":22},"end":{"line":40,"column":23}},"loc":{"start":{"line":41,"column":14},"end":{"line":41,"column":null}},"line":41},"3":{"name":"(anonymous_3)","decl":{"start":{"line":52,"column":22},"end":{"line":52,"column":23}},"loc":{"start":{"line":52,"column":29},"end":{"line":52,"column":null}},"line":52}},"branchMap":{"0":{"loc":{"start":{"line":16,"column":4},"end":{"line":16,"column":null}},"type":"if","locations":[{"start":{"line":16,"column":4},"end":{"line":16,"column":null}},{"start":{},"end":{}}],"line":16},"1":{"loc":{"start":{"line":16,"column":8},"end":{"line":16,"column":41}},"type":"binary-expr","locations":[{"start":{"line":16,"column":8},"end":{"line":16,"column":31}},{"start":{"line":16,"column":31},"end":{"line":16,"column":41}}],"line":16},"2":{"loc":{"start":{"line":61,"column":12},"end":{"line":63,"column":null}},"type":"binary-expr","locations":[{"start":{"line":61,"column":12},"end":{"line":61,"column":null}},{"start":{"line":62,"column":12},"end":{"line":62,"column":null}},{"start":{"line":63,"column":12},"end":{"line":63,"column":null}}],"line":61},"3":{"loc":{"start":{"line":67,"column":11},"end":{"line":69,"column":null}},"type":"cond-expr","locations":[{"start":{"line":68,"column":14},"end":{"line":68,"column":null}},{"start":{"line":69,"column":14},"end":{"line":69,"column":null}}],"line":67},"4":{"loc":{"start":{"line":73,"column":7},"end":{"line":89,"column":null}},"type":"binary-expr","locations":[{"start":{"line":73,"column":7},"end":{"line":73,"column":29}},{"start":{"line":73,"column":29},"end":{"line":73,"column":null}},{"start":{"line":74,"column":8},"end":{"line":89,"column":null}}],"line":73},"5":{"loc":{"start":{"line":81,"column":11},"end":{"line":87,"column":null}},"type":"binary-expr","locations":[{"start":{"line":81,"column":11},"end":{"line":81,"column":null}},{"start":{"line":82,"column":12},"end":{"line":87,"column":null}}],"line":81},"6":{"loc":{"start":{"line":92,"column":7},"end":{"line":101,"column":null}},"type":"binary-expr","locations":[{"start":{"line":92,"column":7},"end":{"line":92,"column":null}},{"start":{"line":93,"column":8},"end":{"line":101,"column":null}}],"line":92},"7":{"loc":{"start":{"line":96,"column":14},"end":{"line":99,"column":null}},"type":"binary-expr","locations":[{"start":{"line":96,"column":14},"end":{"line":99,"column":25}},{"start":{"line":99,"column":25},"end":{"line":99,"column":null}}],"line":96}},"s":{"0":45,"1":45,"2":45,"3":45,"4":1,"5":0,"6":1,"7":45,"8":36,"9":2},"f":{"0":45,"1":1,"2":36,"3":2},"b":{"0":[0,1],"1":[1,1],"2":[45,38,2],"3":[1,44],"4":[45,1,1],"5":[1,1],"6":[45,1],"7":[1,0]},"meta":{"lastBranch":8,"lastFunction":4,"lastStatement":10,"seen":{"f:8:24:8:37":0,"s:11:36:11:Infinity":0,"s:12:28:12:Infinity":1,"s:13:8:13:Infinity":2,"s:15:24:24:Infinity":3,"f:15:24:15:30":1,"b:16:4:16:Infinity:undefined:undefined:undefined:undefined":0,"s:16:4:16:Infinity":4,"b:16:8:16:31:16:31:16:41":1,"s:16:41:16:Infinity":5,"s:17:4:23:Infinity":6,"s:26:2:103:Infinity":7,"f:40:22:40:23":2,"s:41:14:41:Infinity":8,"f:52:22:52:23":3,"s:52:29:52:Infinity":9,"b:61:12:61:Infinity:62:12:62:Infinity:63:12:63:Infinity":2,"b:68:14:68:Infinity:69:14:69:Infinity":3,"b:73:7:73:29:73:29:73:Infinity:74:8:89:Infinity":4,"b:81:11:81:Infinity:82:12:87:Infinity":5,"b:92:7:92:Infinity:93:8:101:Infinity":6,"b:96:14:99:25:99:25:99:Infinity":7}}}
,"/home/parrot/CloudLine/frontend/src/components/remediation/RemediationDetail.tsx": {"path":"/home/parrot/CloudLine/frontend/src/components/remediation/RemediationDetail.tsx","statementMap":{"0":{"start":{"line":11,"column":44},"end":{"line":15,"column":null}},"1":{"start":{"line":20,"column":20},"end":{"line":20,"column":null}},"2":{"start":{"line":22,"column":2},"end":{"line":162,"column":null}},"3":{"start":{"line":56,"column":12},"end":{"line":66,"column":null}},"4":{"start":{"line":58,"column":29},"end":{"line":58,"column":null}},"5":{"start":{"line":82,"column":18},"end":{"line":87,"column":null}},"6":{"start":{"line":148,"column":14},"end":{"line":157,"column":null}}},"fnMap":{"0":{"name":"RemediationDetail","decl":{"start":{"line":17,"column":24},"end":{"line":17,"column":42}},"loc":{"start":{"line":19,"column":10},"end":{"line":164,"column":null}},"line":19},"1":{"name":"(anonymous_1)","decl":{"start":{"line":55,"column":20},"end":{"line":55,"column":21}},"loc":{"start":{"line":56,"column":12},"end":{"line":66,"column":null}},"line":56},"2":{"name":"(anonymous_2)","decl":{"start":{"line":58,"column":23},"end":{"line":58,"column":29}},"loc":{"start":{"line":58,"column":29},"end":{"line":58,"column":null}},"line":58},"3":{"name":"(anonymous_3)","decl":{"start":{"line":81,"column":40},"end":{"line":81,"column":41}},"loc":{"start":{"line":82,"column":18},"end":{"line":87,"column":null}},"line":82},"4":{"name":"(anonymous_4)","decl":{"start":{"line":147,"column":33},"end":{"line":147,"column":34}},"loc":{"start":{"line":148,"column":14},"end":{"line":157,"column":null}},"line":148}},"branchMap":{"0":{"loc":{"start":{"line":42,"column":9},"end":{"line":43,"column":null}},"type":"binary-expr","locations":[{"start":{"line":42,"column":9},"end":{"line":42,"column":null}},{"start":{"line":43,"column":10},"end":{"line":43,"column":null}}],"line":42},"1":{"loc":{"start":{"line":45,"column":9},"end":{"line":48,"column":null}},"type":"binary-expr","locations":[{"start":{"line":45,"column":9},"end":{"line":45,"column":null}},{"start":{"line":46,"column":10},"end":{"line":48,"column":null}}],"line":45},"2":{"loc":{"start":{"line":60,"column":16},"end":{"line":62,"column":null}},"type":"cond-expr","locations":[{"start":{"line":61,"column":20},"end":{"line":61,"column":null}},{"start":{"line":62,"column":20},"end":{"line":62,"column":null}}],"line":60},"3":{"loc":{"start":{"line":73,"column":9},"end":{"line":91,"column":null}},"type":"binary-expr","locations":[{"start":{"line":73,"column":9},"end":{"line":73,"column":null}},{"start":{"line":74,"column":10},"end":{"line":91,"column":null}}],"line":73},"4":{"loc":{"start":{"line":75,"column":13},"end":{"line":89,"column":null}},"type":"cond-expr","locations":[{"start":{"line":76,"column":14},"end":{"line":78,"column":null}},{"start":{"line":80,"column":14},"end":{"line":89,"column":null}}],"line":75},"5":{"loc":{"start":{"line":94,"column":9},"end":{"line":122,"column":null}},"type":"binary-expr","locations":[{"start":{"line":94,"column":9},"end":{"line":94,"column":null}},{"start":{"line":95,"column":10},"end":{"line":122,"column":null}}],"line":94},"6":{"loc":{"start":{"line":96,"column":13},"end":{"line":120,"column":null}},"type":"cond-expr","locations":[{"start":{"line":97,"column":14},"end":{"line":116,"column":null}},{"start":{"line":118,"column":14},"end":{"line":120,"column":null}}],"line":96},"7":{"loc":{"start":{"line":106,"column":17},"end":{"line":114,"column":null}},"type":"binary-expr","locations":[{"start":{"line":106,"column":17},"end":{"line":106,"column":null}},{"start":{"line":107,"column":18},"end":{"line":114,"column":null}}],"line":106},"8":{"loc":{"start":{"line":125,"column":9},"end":{"line":136,"column":null}},"type":"binary-expr","locations":[{"start":{"line":125,"column":9},"end":{"line":125,"column":null}},{"start":{"line":126,"column":10},"end":{"line":136,"column":null}}],"line":125},"9":{"loc":{"start":{"line":127,"column":13},"end":{"line":134,"column":null}},"type":"cond-expr","locations":[{"start":{"line":128,"column":14},"end":{"line":130,"column":null}},{"start":{"line":132,"column":14},"end":{"line":134,"column":null}}],"line":127},"10":{"loc":{"start":{"line":141,"column":7},"end":{"line":160,"column":null}},"type":"binary-expr","locations":[{"start":{"line":141,"column":7},"end":{"line":141,"column":null}},{"start":{"line":142,"column":8},"end":{"line":160,"column":null}}],"line":141},"11":{"loc":{"start":{"line":156,"column":17},"end":{"line":156,"column":null}},"type":"binary-expr","locations":[{"start":{"line":156,"column":17},"end":{"line":156,"column":30}},{"start":{"line":156,"column":30},"end":{"line":156,"column":null}}],"line":156}},"s":{"0":2,"1":3,"2":3,"3":9,"4":0,"5":6,"6":3},"f":{"0":3,"1":9,"2":0,"3":6,"4":3},"b":{"0":[3,3],"1":[3,3],"2":[3,6],"3":[3,3],"4":[0,3],"5":[3,0],"6":[0,0],"7":[0,0],"8":[3,0],"9":[0,0],"10":[3,3],"11":[3,3]},"meta":{"lastBranch":12,"lastFunction":5,"lastStatement":7,"seen":{"s:11:44:15:Infinity":0,"f:17:24:17:42":0,"s:20:20:20:Infinity":1,"s:22:2:162:Infinity":2,"b:42:9:42:Infinity:43:10:43:Infinity":0,"b:45:9:45:Infinity:46:10:48:Infinity":1,"f:55:20:55:21":1,"s:56:12:66:Infinity":3,"f:58:23:58:29":2,"s:58:29:58:Infinity":4,"b:61:20:61:Infinity:62:20:62:Infinity":2,"b:73:9:73:Infinity:74:10:91:Infinity":3,"b:76:14:78:Infinity:80:14:89:Infinity":4,"f:81:40:81:41":3,"s:82:18:87:Infinity":5,"b:94:9:94:Infinity:95:10:122:Infinity":5,"b:97:14:116:Infinity:118:14:120:Infinity":6,"b:106:17:106:Infinity:107:18:114:Infinity":7,"b:125:9:125:Infinity:126:10:136:Infinity":8,"b:128:14:130:Infinity:132:14:134:Infinity":9,"b:141:7:141:Infinity:142:8:160:Infinity":10,"f:147:33:147:34":4,"s:148:14:157:Infinity":6,"b:156:17:156:30:156:30:156:Infinity":11}}}
,"/home/parrot/CloudLine/frontend/src/components/remediation/RemediationList.tsx": {"path":"/home/parrot/CloudLine/frontend/src/components/remediation/RemediationList.tsx","statementMap":{"0":{"start":{"line":15,"column":2},"end":{"line":21,"column":null}},"1":{"start":{"line":16,"column":4},"end":{"line":19,"column":null}},"2":{"start":{"line":23,"column":2},"end":{"line":54,"column":null}},"3":{"start":{"line":26,"column":8},"end":{"line":52,"column":null}},"4":{"start":{"line":28,"column":25},"end":{"line":28,"column":null}}},"fnMap":{"0":{"name":"RemediationList","decl":{"start":{"line":10,"column":24},"end":{"line":10,"column":40}},"loc":{"start":{"line":14,"column":10},"end":{"line":56,"column":null}},"line":14},"1":{"name":"(anonymous_1)","decl":{"start":{"line":25,"column":17},"end":{"line":25,"column":18}},"loc":{"start":{"line":26,"column":8},"end":{"line":52,"column":null}},"line":26},"2":{"name":"(anonymous_2)","decl":{"start":{"line":28,"column":19},"end":{"line":28,"column":25}},"loc":{"start":{"line":28,"column":25},"end":{"line":28,"column":null}},"line":28}},"branchMap":{"0":{"loc":{"start":{"line":15,"column":2},"end":{"line":21,"column":null}},"type":"if","locations":[{"start":{"line":15,"column":2},"end":{"line":21,"column":null}},{"start":{},"end":{}}],"line":15},"1":{"loc":{"start":{"line":30,"column":12},"end":{"line":32,"column":null}},"type":"cond-expr","locations":[{"start":{"line":31,"column":16},"end":{"line":31,"column":null}},{"start":{"line":32,"column":16},"end":{"line":32,"column":null}}],"line":30}},"s":{"0":4,"1":1,"2":3,"3":3,"4":1},"f":{"0":4,"1":3,"2":1},"b":{"0":[1,3],"1":[1,2]},"meta":{"lastBranch":2,"lastFunction":3,"lastStatement":5,"seen":{"f:10:24:10:40":0,"b:15:2:21:Infinity:undefined:undefined:undefined:undefined":0,"s:15:2:21:Infinity":0,"s:16:4:19:Infinity":1,"s:23:2:54:Infinity":2,"f:25:17:25:18":1,"s:26:8:52:Infinity":3,"f:28:19:28:25":2,"s:28:25:28:Infinity":4,"b:31:16:31:Infinity:32:16:32:Infinity":1}}}
,"/home/parrot/CloudLine/frontend/src/components/remediation/RollbackPanel.tsx": {"path":"/home/parrot/CloudLine/frontend/src/components/remediation/RollbackPanel.tsx","statementMap":{"0":{"start":{"line":11,"column":30},"end":{"line":11,"column":null}},"1":{"start":{"line":12,"column":8},"end":{"line":12,"column":null}},"2":{"start":{"line":14,"column":25},"end":{"line":20,"column":null}},"3":{"start":{"line":15,"column":4},"end":{"line":15,"column":null}},"4":{"start":{"line":15,"column":26},"end":{"line":15,"column":null}},"5":{"start":{"line":16,"column":4},"end":{"line":19,"column":null}},"6":{"start":{"line":22,"column":2},"end":{"line":74,"column":null}},"7":{"start":{"line":36,"column":29},"end":{"line":36,"column":null}}},"fnMap":{"0":{"name":"RollbackPanel","decl":{"start":{"line":8,"column":24},"end":{"line":8,"column":38}},"loc":{"start":{"line":10,"column":10},"end":{"line":76,"column":null}},"line":10},"1":{"name":"(anonymous_1)","decl":{"start":{"line":14,"column":25},"end":{"line":14,"column":31}},"loc":{"start":{"line":14,"column":31},"end":{"line":20,"column":null}},"line":14},"2":{"name":"(anonymous_2)","decl":{"start":{"line":36,"column":22},"end":{"line":36,"column":23}},"loc":{"start":{"line":36,"column":29},"end":{"line":36,"column":null}},"line":36}},"branchMap":{"0":{"loc":{"start":{"line":15,"column":4},"end":{"line":15,"column":null}},"type":"if","locations":[{"start":{"line":15,"column":4},"end":{"line":15,"column":null}},{"start":{},"end":{}}],"line":15},"1":{"loc":{"start":{"line":45,"column":12},"end":{"line":45,"column":null}},"type":"binary-expr","locations":[{"start":{"line":45,"column":12},"end":{"line":45,"column":32}},{"start":{"line":45,"column":32},"end":{"line":45,"column":null}}],"line":45},"2":{"loc":{"start":{"line":49,"column":11},"end":{"line":51,"column":null}},"type":"cond-expr","locations":[{"start":{"line":50,"column":14},"end":{"line":50,"column":null}},{"start":{"line":51,"column":14},"end":{"line":51,"column":null}}],"line":49},"3":{"loc":{"start":{"line":55,"column":7},"end":{"line":60,"column":null}},"type":"binary-expr","locations":[{"start":{"line":55,"column":7},"end":{"line":55,"column":29}},{"start":{"line":55,"column":29},"end":{"line":55,"column":null}},{"start":{"line":56,"column":8},"end":{"line":60,"column":null}}],"line":55},"4":{"loc":{"start":{"line":63,"column":7},"end":{"line":72,"column":null}},"type":"binary-expr","locations":[{"start":{"line":63,"column":7},"end":{"line":63,"column":null}},{"start":{"line":64,"column":8},"end":{"line":72,"column":null}}],"line":63},"5":{"loc":{"start":{"line":67,"column":14},"end":{"line":70,"column":null}},"type":"binary-expr","locations":[{"start":{"line":67,"column":14},"end":{"line":70,"column":25}},{"start":{"line":70,"column":25},"end":{"line":70,"column":null}}],"line":67}},"s":{"0":11,"1":11,"2":11,"3":1,"4":0,"5":1,"6":11,"7":5},"f":{"0":11,"1":1,"2":5},"b":{"0":[0,1],"1":[11,5],"2":[1,10],"3":[11,1,1],"4":[11,1],"5":[1,0]},"meta":{"lastBranch":6,"lastFunction":3,"lastStatement":8,"seen":{"f:8:24:8:38":0,"s:11:30:11:Infinity":0,"s:12:8:12:Infinity":1,"s:14:25:20:Infinity":2,"f:14:25:14:31":1,"b:15:4:15:Infinity:undefined:undefined:undefined:undefined":0,"s:15:4:15:Infinity":3,"s:15:26:15:Infinity":4,"s:16:4:19:Infinity":5,"s:22:2:74:Infinity":6,"f:36:22:36:23":2,"s:36:29:36:Infinity":7,"b:45:12:45:32:45:32:45:Infinity":1,"b:50:14:50:Infinity:51:14:51:Infinity":2,"b:55:7:55:29:55:29:55:Infinity:56:8:60:Infinity":3,"b:63:7:63:Infinity:64:8:72:Infinity":4,"b:67:14:70:25:70:25:70:Infinity":5}}}
,"/home/parrot/CloudLine/frontend/src/components/shared/SeverityBadge.tsx": {"path":"/home/parrot/CloudLine/frontend/src/components/shared/SeverityBadge.tsx","statementMap":{"0":{"start":{"line":7,"column":39},"end":{"line":16,"column":null}},"1":{"start":{"line":22,"column":4},"end":{"line":23,"column":null}},"2":{"start":{"line":25,"column":2},"end":{"line":30,"column":null}}},"fnMap":{"0":{"name":"SeverityBadge","decl":{"start":{"line":18,"column":24},"end":{"line":18,"column":38}},"loc":{"start":{"line":20,"column":10},"end":{"line":32,"column":null}},"line":20}},"branchMap":{"0":{"loc":{"start":{"line":22,"column":4},"end":{"line":23,"column":null}},"type":"binary-expr","locations":[{"start":{"line":22,"column":4},"end":{"line":22,"column":null}},{"start":{"line":23,"column":4},"end":{"line":23,"column":null}}],"line":22}},"s":{"0":7,"1":26,"2":26},"f":{"0":26},"b":{"0":[26,1]},"meta":{"lastBranch":1,"lastFunction":1,"lastStatement":3,"seen":{"s:7:39:16:Infinity":0,"f:18:24:18:38":0,"s:22:4:23:Infinity":1,"b:22:4:22:Infinity:23:4:23:Infinity":0,"s:25:2:30:Infinity":2}}}
,"/home/parrot/CloudLine/frontend/src/components/shared/StatusBadge.tsx": {"path":"/home/parrot/CloudLine/frontend/src/components/shared/StatusBadge.tsx","statementMap":{"0":{"start":{"line":7,"column":39},"end":{"line":16,"column":null}},"1":{"start":{"line":20,"column":4},"end":{"line":21,"column":null}},"2":{"start":{"line":23,"column":2},"end":{"line":28,"column":null}}},"fnMap":{"0":{"name":"StatusBadge","decl":{"start":{"line":18,"column":24},"end":{"line":18,"column":36}},"loc":{"start":{"line":18,"column":55},"end":{"line":30,"column":null}},"line":18}},"branchMap":{"0":{"loc":{"start":{"line":20,"column":4},"end":{"line":21,"column":null}},"type":"binary-expr","locations":[{"start":{"line":20,"column":4},"end":{"line":20,"column":null}},{"start":{"line":21,"column":4},"end":{"line":21,"column":null}}],"line":20}},"s":{"0":4,"1":17,"2":17},"f":{"0":17},"b":{"0":[17,2]},"meta":{"lastBranch":1,"lastFunction":1,"lastStatement":3,"seen":{"s:7:39:16:Infinity":0,"f:18:24:18:36":0,"s:20:4:21:Infinity":1,"b:20:4:20:Infinity:21:4:21:Infinity":0,"s:23:2:28:Infinity":2}}}
,"/home/parrot/CloudLine/frontend/src/components/trends/PeriodSelector.tsx": {"path":"/home/parrot/CloudLine/frontend/src/components/trends/PeriodSelector.tsx","statementMap":{"0":{"start":{"line":8,"column":52},"end":{"line":12,"column":null}},"1":{"start":{"line":18,"column":2},"end":{"line":33,"column":null}},"2":{"start":{"line":21,"column":8},"end":{"line":31,"column":null}},"3":{"start":{"line":23,"column":25},"end":{"line":23,"column":null}}},"fnMap":{"0":{"name":"PeriodSelector","decl":{"start":{"line":14,"column":24},"end":{"line":14,"column":39}},"loc":{"start":{"line":17,"column":10},"end":{"line":35,"column":null}},"line":17},"1":{"name":"(anonymous_1)","decl":{"start":{"line":20,"column":19},"end":{"line":20,"column":20}},"loc":{"start":{"line":21,"column":8},"end":{"line":31,"column":null}},"line":21},"2":{"name":"(anonymous_2)","decl":{"start":{"line":23,"column":19},"end":{"line":23,"column":25}},"loc":{"start":{"line":23,"column":25},"end":{"line":23,"column":null}},"line":23}},"branchMap":{"0":{"loc":{"start":{"line":25,"column":12},"end":{"line":27,"column":null}},"type":"cond-expr","locations":[{"start":{"line":26,"column":16},"end":{"line":26,"column":null}},{"start":{"line":27,"column":16},"end":{"line":27,"column":null}}],"line":25}},"s":{"0":1,"1":3,"2":9,"3":1},"f":{"0":3,"1":9,"2":1},"b":{"0":[3,6]},"meta":{"lastBranch":1,"lastFunction":3,"lastStatement":4,"seen":{"s:8:52:12:Infinity":0,"f:14:24:14:39":0,"s:18:2:33:Infinity":1,"f:20:19:20:20":1,"s:21:8:31:Infinity":2,"f:23:19:23:25":2,"s:23:25:23:Infinity":3,"b:26:16:26:Infinity:27:16:27:Infinity":0}}}
,"/home/parrot/CloudLine/frontend/src/components/trends/SeverityTrendChart.tsx": {"path":"/home/parrot/CloudLine/frontend/src/components/trends/SeverityTrendChart.tsx","statementMap":{"0":{"start":{"line":20,"column":2},"end":{"line":85,"column":null}}},"fnMap":{"0":{"name":"SeverityTrendChart","decl":{"start":{"line":17,"column":24},"end":{"line":17,"column":43}},"loc":{"start":{"line":19,"column":10},"end":{"line":87,"column":null}},"line":19}},"branchMap":{},"s":{"0":1},"f":{"0":1},"b":{},"meta":{"lastBranch":0,"lastFunction":1,"lastStatement":1,"seen":{"f:17:24:17:43":0,"s:20:2:85:Infinity":0}}}
,"/home/parrot/CloudLine/frontend/src/components/trends/TrendLineChart.tsx": {"path":"/home/parrot/CloudLine/frontend/src/components/trends/TrendLineChart.tsx","statementMap":{"0":{"start":{"line":18,"column":2},"end":{"line":63,"column":null}}},"fnMap":{"0":{"name":"TrendLineChart","decl":{"start":{"line":17,"column":24},"end":{"line":17,"column":39}},"loc":{"start":{"line":17,"column":56},"end":{"line":65,"column":null}},"line":17}},"branchMap":{},"s":{"0":1},"f":{"0":1},"b":{},"meta":{"lastBranch":0,"lastFunction":1,"lastStatement":1,"seen":{"f:17:24:17:39":0,"s:18:2:63:Infinity":0}}}
[...]
,"/home/parrot/CloudLine/frontend/src/pages/LoginPage.tsx": {"path":"/home/parrot/CloudLine/frontend/src/pages/LoginPage.tsx","statementMap":{"0":{"start":{"line":10,"column":44},"end":{"line":11,"column":null}},"1":{"start":{"line":12,"column":8},"end":{"line":12,"column":null}},"2":{"start":{"line":13,"column":8},"end":{"line":13,"column":null}},"3":{"start":{"line":15,"column":5},"end":{"line":16,"column":null}},"4":{"start":{"line":18,"column":30},"end":{"line":18,"column":null}},"5":{"start":{"line":19,"column":30},"end":{"line":19,"column":null}},"6":{"start":{"line":20,"column":24},"end":{"line":20,"column":null}},"7":{"start":{"line":21,"column":34},"end":{"line":21,"column":null}},"8":{"start":{"line":23,"column":2},"end":{"line":29,"column":null}},"9":{"start":{"line":24,"column":4},"end":{"line":27,"column":null}},"10":{"start":{"line":31,"column":2},"end":{"line":33,"column":null}},"11":{"start":{"line":32,"column":4},"end":{"line":32,"column":null}},"12":{"start":{"line":38,"column":4},"end":{"line":38,"column":null}},"13":{"start":{"line":39,"column":4},"end":{"line":39,"column":null}},"14":{"start":{"line":41,"column":4},"end":{"line":44,"column":null}},"15":{"start":{"line":42,"column":6},"end":{"line":42,"column":null}},"16":{"start":{"line":43,"column":6},"end":{"line":43,"column":null}},"17":{"start":{"line":46,"column":4},"end":{"line":46,"column":null}},"18":{"start":{"line":47,"column":4},"end":{"line":58,"column":null}},"19":{"start":{"line":48,"column":6},"end":{"line":48,"column":null}},"20":{"start":{"line":49,"column":6},"end":{"line":49,"column":null}},"21":{"start":{"line":51,"column":6},"end":{"line":55,"column":null}},"22":{"start":{"line":57,"column":6},"end":{"line":57,"column":null}},"23":{"start":{"line":61,"column":2},"end":{"line":138,"column":null}},"24":{"start":{"line":90,"column":16},"end":{"line":90,"column":null}},"25":{"start":{"line":110,"column":16},"end":{"line":110,"column":null}}},"fnMap":{"0":{"name":"LoginPage","decl":{"start":{"line":9,"column":24},"end":{"line":9,"column":36}},"loc":{"start":{"line":9,"column":36},"end":{"line":140,"column":null}},"line":9},"1":{"name":"handleSubmit","decl":{"start":{"line":35,"column":17},"end":{"line":35,"column":null}},"loc":{"start":{"line":37,"column":4},"end":{"line":59,"column":null}},"line":37},"2":{"name":"(anonymous_2)","decl":{"start":{"line":89,"column":24},"end":{"line":89,"column":25}},"loc":{"start":{"line":90,"column":16},"end":{"line":90,"column":null}},"line":90},"3":{"name":"(anonymous_3)","decl":{"start":{"line":109,"column":24},"end":{"line":109,"column":25}},"loc":{"start":{"line":110,"column":16},"end":{"line":110,"column":null}},"line":110}},"branchMap":{"0":{"loc":{"start":{"line":15,"column":5},"end":{"line":16,"column":null}},"type":"binary-expr","locations":[{"start":{"line":15,"column":5},"end":{"line":16,"column":26}},{"start":{"line":16,"column":26},"end":{"line":16,"column":null}}],"line":15},"1":{"loc":{"start":{"line":23,"column":2},"end":{"line":29,"column":null}},"type":"if","locations":[{"start":{"line":23,"column":2},"end":{"line":29,"column":null}},{"start":{},"end":{}}],"line":23},"2":{"loc":{"start":{"line":31,"column":2},"end":{"line":33,"column":null}},"type":"if","locations":[{"start":{"line":31,"column":2},"end":{"line":33,"column":null}},{"start":{},"end":{}}],"line":31},"3":{"loc":{"start":{"line":41,"column":4},"end":{"line":44,"column":null}},"type":"if","locations":[{"start":{"line":41,"column":4},"end":{"line":44,"column":null}},{"start":{},"end":{}}],"line":41},"4":{"loc":{"start":{"line":41,"column":8},"end":{"line":41,"column":46}},"type":"binary-expr","locations":[{"start":{"line":41,"column":8},"end":{"line":41,"column":28}},{"start":{"line":41,"column":28},"end":{"line":41,"column":46}}],"line":41},"5":{"loc":{"start":{"line":52,"column":8},"end":{"line":54,"column":null}},"type":"cond-expr","locations":[{"start":{"line":53,"column":12},"end":{"line":53,"column":null}},{"start":{"line":54,"column":12},"end":{"line":54,"column":null}}],"line":52},"6":{"loc":{"start":{"line":117,"column":11},"end":{"line":120,"column":null}},"type":"binary-expr","locations":[{"start":{"line":117,"column":11},"end":{"line":117,"column":null}},{"start":{"line":118,"column":12},"end":{"line":120,"column":null}}],"line":117},"7":{"loc":{"start":{"line":128,"column":13},"end":{"line":128,"column":null}},"type":"cond-expr","locations":[{"start":{"line":128,"column":26},"end":{"line":128,"column":44}},{"start":{"line":128,"column":44},"end":{"line":128,"column":null}}],"line":128},"8":{"loc":{"start":{"line":131,"column":11},"end":{"line":134,"column":null}},"type":"binary-expr","locations":[{"start":{"line":131,"column":11},"end":{"line":131,"column":null}},{"start":{"line":132,"column":12},"end":{"line":134,"column":null}}],"line":131}},"s":{"0":20,"1":20,"2":20,"3":20,"4":20,"5":20,"6":20,"7":20,"8":20,"9":0,"10":20,"11":2,"12":2,"13":2,"14":2,"15":1,"16":1,"17":1,"18":1,"19":1,"20":1,"21":0,"22":1,"23":18,"24":5,"25":7},"f":{"0":20,"1":2,"2":5,"3":7},"b":{"0":[20,20],"1":[0,20],"2":[2,18],"3":[1,1],"4":[2,1],"5":[0,0],"6":[18,1],"7":[0,18],"8":[20,18]},"meta":{"lastBranch":9,"lastFunction":4,"lastStatement":26,"seen":{"f:9:24:9:36":0,"s:10:44:11:Infinity":0,"s:12:8:12:Infinity":1,"s:13:8:13:Infinity":2,"s:15:5:16:Infinity":3,"b:15:5:16:26:16:26:16:Infinity":0,"s:18:30:18:Infinity":4,"s:19:30:19:Infinity":5,"s:20:24:20:Infinity":6,"s:21:34:21:Infinity":7,"b:23:2:29:Infinity:undefined:undefined:undefined:undefined":1,"s:23:2:29:Infinity":8,"s:24:4:27:Infinity":9,"b:31:2:33:Infinity:undefined:undefined:undefined:undefined":2,"s:31:2:33:Infinity":10,"s:32:4:32:Infinity":11,"f:35:17:35:Infinity":1,"s:38:4:38:Infinity":12,"s:39:4:39:Infinity":13,"b:41:4:44:Infinity:undefined:undefined:undefined:undefined":3,"s:41:4:44:Infinity":14,"b:41:8:41:28:41:28:41:46":4,"s:42:6:42:Infinity":15,"s:43:6:43:Infinity":16,"s:46:4:46:Infinity":17,"s:47:4:58:Infinity":18,"s:48:6:48:Infinity":19,"s:49:6:49:Infinity":20,"s:51:6:55:Infinity":21,"b:53:12:53:Infinity:54:12:54:Infinity":5,"s:57:6:57:Infinity":22,"s:61:2:138:Infinity":23,"f:89:24:89:25":2,"s:90:16:90:Infinity":24,"f:109:24:109:25":3,"s:110:16:110:Infinity":25,"b:117:11:117:Infinity:118:12:120:Infinity":6,"b:128:26:128:44:128:44:128:Infinity":7,"b:131:11:131:Infinity:132:12:134:Infinity":8}}}
,"/home/parrot/CloudLine/frontend/src/pages/PlaceholderPage.tsx": {"path":"/home/parrot/CloudLine/frontend/src/pages/PlaceholderPage.tsx","statementMap":{"0":{"start":{"line":8,"column":2},"end":{"line":18,"column":null}}},"fnMap":{"0":{"name":"PlaceholderPage","decl":{"start":{"line":5,"column":24},"end":{"line":5,"column":40}},"loc":{"start":{"line":7,"column":10},"end":{"line":20,"column":null}},"line":7}},"branchMap":{},"s":{"0":2},"f":{"0":2},"b":{},"meta":{"lastBranch":0,"lastFunction":1,"lastStatement":1,"seen":{"f:5:24:5:40":0,"s:8:2:18:Infinity":0}}}
,"/home/parrot/CloudLine/frontend/src/pages/RemediationPage.tsx": {"path":"/home/parrot/CloudLine/frontend/src/pages/RemediationPage.tsx","statementMap":{"0":{"start":{"line":17,"column":44},"end":{"line":21,"column":null}},"1":{"start":{"line":24,"column":20},"end":{"line":24,"column":null}},"2":{"start":{"line":25,"column":34},"end":{"line":27,"column":null}},"3":{"start":{"line":29,"column":8},"end":{"line":29,"column":null}},"4":{"start":{"line":30,"column":8},"end":{"line":30,"column":null}},"5":{"start":{"line":32,"column":2},"end":{"line":149,"column":null}},"6":{"start":{"line":42,"column":12},"end":{"line":52,"column":null}},"7":{"start":{"line":44,"column":29},"end":{"line":44,"column":null}},"8":{"start":{"line":63,"column":16},"end":{"line":66,"column":null}}},"fnMap":{"0":{"name":"RemediationPage","decl":{"start":{"line":23,"column":24},"end":{"line":23,"column":42}},"loc":{"start":{"line":23,"column":42},"end":{"line":151,"column":null}},"line":23},"1":{"name":"(anonymous_1)","decl":{"start":{"line":41,"column":20},"end":{"line":41,"column":21}},"loc":{"start":{"line":42,"column":12},"end":{"line":52,"column":null}},"line":42},"2":{"name":"(anonymous_2)","decl":{"start":{"line":44,"column":23},"end":{"line":44,"column":29}},"loc":{"start":{"line":44,"column":29},"end":{"line":44,"column":null}},"line":44},"3":{"name":"(anonymous_3)","decl":{"start":{"line":62,"column":45},"end":{"line":62,"column":46}},"loc":{"start":{"line":63,"column":16},"end":{"line":66,"column":null}},"line":63}},"branchMap":{"0":{"loc":{"start":{"line":46,"column":16},"end":{"line":48,"column":null}},"type":"cond-expr","locations":[{"start":{"line":47,"column":20},"end":{"line":47,"column":null}},{"start":{"line":48,"column":20},"end":{"line":48,"column":null}}],"line":46},"1":{"loc":{"start":{"line":58,"column":7},"end":{"line":127,"column":null}},"type":"binary-expr","locations":[{"start":{"line":58,"column":7},"end":{"line":58,"column":null}},{"start":{"line":59,"column":8},"end":{"line":127,"column":null}}],"line":58},"2":{"loc":{"start":{"line":60,"column":11},"end":{"line":68,"column":null}},"type":"binary-expr","locations":[{"start":{"line":60,"column":11},"end":{"line":60,"column":null}},{"start":{"line":61,"column":12},"end":{"line":68,"column":null}}],"line":60},"3":{"loc":{"start":{"line":71,"column":11},"end":{"line":76,"column":null}},"type":"binary-expr","locations":[{"start":{"line":71,"column":11},"end":{"line":71,"column":null}},{"start":{"line":72,"column":12},"end":{"line":76,"column":null}}],"line":71},"4":{"loc":{"start":{"line":79,"column":11},"end":{"line":125,"column":null}},"type":"binary-expr","locations":[{"start":{"line":79,"column":11},"end":{"line":79,"column":null}},{"start":{"line":80,"column":12},"end":{"line":125,"column":null}}],"line":79},"5":{"loc":{"start":{"line":94,"column":17},"end":{"line":122,"column":null}},"type":"cond-expr","locations":[{"start":{"line":95,"column":18},"end":{"line":107,"column":null}},{"start":{"line":108,"column":20},"end":{"line":122,"column":null}}],"line":94},"6":{"loc":{"start":{"line":94,"column":17},"end":{"line":94,"column":null}},"type":"binary-expr","locations":[{"start":{"line":94,"column":17},"end":{"line":94,"column":31}},{"start":{"line":94,"column":31},"end":{"line":94,"column":null}}],"line":94},"7":{"loc":{"start":{"line":108,"column":20},"end":{"line":122,"column":null}},"type":"cond-expr","locations":[{"start":{"line":109,"column":18},"end":{"line":115,"column":null}},{"start":{"line":117,"column":18},"end":{"line":122,"column":null}}],"line":108},"8":{"loc":{"start":{"line":108,"column":20},"end":{"line":108,"column":null}},"type":"binary-expr","locations":[{"start":{"line":108,"column":20},"end":{"line":108,"column":34}},{"start":{"line":108,"column":34},"end":{"line":108,"column":null}}],"line":108},"9":{"loc":{"start":{"line":131,"column":7},"end":{"line":137,"column":null}},"type":"binary-expr","locations":[{"start":{"line":131,"column":7},"end":{"line":131,"column":null}},{"start":{"line":132,"column":8},"end":{"line":137,"column":null}}],"line":131},"10":{"loc":{"start":{"line":141,"column":7},"end":{"line":147,"column":null}},"type":"binary-expr","locations":[{"start":{"line":141,"column":7},"end":{"line":141,"column":null}},{"start":{"line":142,"column":8},"end":{"line":147,"column":null}}],"line":141}},"s":{"0":1,"1":8,"2":8,"3":8,"4":8,"5":8,"6":24,"7":2,"8":5},"f":{"0":8,"1":24,"2":2,"3":5},"b":{"0":[8,16],"1":[8,6],"2":[6,1],"3":[6,1],"4":[6,0],"5":[0,0],"6":[0,0],"7":[0,0],"8":[0,0],"9":[8,1],"10":[8,1]},"meta":{"lastBranch":11,"lastFunction":4,"lastStatement":9,"seen":{"s:17:44:21:Infinity":0,"f:23:24:23:42":0,"s:24:20:24:Infinity":1,"s:25:34:27:Infinity":2,"s:29:8:29:Infinity":3,"s:30:8:30:Infinity":4,"s:32:2:149:Infinity":5,"f:41:20:41:21":1,"s:42:12:52:Infinity":6,"f:44:23:44:29":2,"s:44:29:44:Infinity":7,"b:47:20:47:Infinity:48:20:48:Infinity":0,"b:58:7:58:Infinity:59:8:127:Infinity":1,"b:60:11:60:Infinity:61:12:68:Infinity":2,"f:62:45:62:46":3,"s:63:16:66:Infinity":8,"b:71:11:71:Infinity:72:12:76:Infinity":3,"b:79:11:79:Infinity:80:12:125:Infinity":4,"b:95:18:107:Infinity:108:20:122:Infinity":5,"b:94:17:94:31:94:31:94:Infinity":6,"b:109:18:115:Infinity:117:18:122:Infinity":7,"b:108:20:108:34:108:34:108:Infinity":8,"b:131:7:131:Infinity:132:8:137:Infinity":9,"b:141:7:141:Infinity:142:8:147:Infinity":10}}}
,"/home/parrot/CloudLine/frontend/src/pages/TrendsPage.tsx": {"path":"/home/parrot/CloudLine/frontend/src/pages/TrendsPage.tsx","statementMap":{"0":{"start":{"line":10,"column":26},"end":{"line":10,"column":null}},"1":{"start":{"line":11,"column":35},"end":{"line":11,"column":null}},"2":{"start":{"line":13,"column":2},"end":{"line":55,"column":null}},"3":{"start":{"line":28,"column":12},"end":{"line":34,"column":null}}},"fnMap":{"0":{"name":"TrendsPage","decl":{"start":{"line":9,"column":24},"end":{"line":9,"column":37}},"loc":{"start":{"line":9,"column":37},"end":{"line":57,"column":null}},"line":9},"1":{"name":"(anonymous_1)","decl":{"start":{"line":27,"column":22},"end":{"line":27,"column":23}},"loc":{"start":{"line":28,"column":12},"end":{"line":34,"column":null}},"line":28}},"branchMap":{"0":{"loc":{"start":{"line":25,"column":7},"end":{"line":36,"column":null}},"type":"binary-expr","locations":[{"start":{"line":25,"column":7},"end":{"line":25,"column":null}},{"start":{"line":26,"column":8},"end":{"line":36,"column":null}}],"line":25},"1":{"loc":{"start":{"line":39,"column":7},"end":{"line":46,"column":null}},"type":"binary-expr","locations":[{"start":{"line":39,"column":7},"end":{"line":39,"column":null}},{"start":{"line":40,"column":8},"end":{"line":46,"column":null}}],"line":39},"2":{"loc":{"start":{"line":43,"column":14},"end":{"line":44,"column":null}},"type":"binary-expr","locations":[{"start":{"line":43,"column":14},"end":{"line":43,"column":null}},{"start":{"line":44,"column":14},"end":{"line":44,"column":null}}],"line":43},"3":{"loc":{"start":{"line":49,"column":7},"end":{"line":53,"column":null}},"type":"binary-expr","locations":[{"start":{"line":49,"column":7},"end":{"line":49,"column":21}},{"start":{"line":49,"column":21},"end":{"line":49,"column":null}},{"start":{"line":50,"column":8},"end":{"line":53,"column":null}}],"line":49}},"s":{"0":5,"1":5,"2":5,"3":2},"f":{"0":5,"1":2},"b":{"0":[5,1],"1":[5,1],"2":[1,0],"3":[5,4,3]},"meta":{"lastBranch":4,"lastFunction":2,"lastStatement":4,"seen":{"f:9:24:9:37":0,"s:10:26:10:Infinity":0,"s:11:35:11:Infinity":1,"s:13:2:55:Infinity":2,"b:25:7:25:Infinity:26:8:36:Infinity":0,"f:27:22:27:23":1,"s:28:12:34:Infinity":3,"b:39:7:39:Infinity:40:8:46:Infinity":1,"b:43:14:43:Infinity:44:14:44:Infinity":2,"b:49:7:49:21:49:21:49:Infinity:50:8:53:Infinity":3}}}
,"/home/parrot/CloudLine/frontend/src/pages/ViolationsPage.tsx": {"path":"/home/parrot/CloudLine/frontend/src/pages/ViolationsPage.tsx","statementMap":{"0":{"start":{"line":12,"column":28},"end":{"line":16,"column":null}},"1":{"start":{"line":17,"column":30},"end":{"line":18,"column":null}},"2":{"start":{"line":20,"column":8},"end":{"line":26,"column":null}},"3":{"start":{"line":21,"column":38},"end":{"line":21,"column":null}},"4":{"start":{"line":22,"column":4},"end":{"line":22,"column":null}},"5":{"start":{"line":22,"column":26},"end":{"line":22,"column":null}},"6":{"start":{"line":23,"column":4},"end":{"line":23,"column":null}},"7":{"start":{"line":23,"column":24},"end":{"line":23,"column":null}},"8":{"start":{"line":24,"column":4},"end":{"line":24,"column":null}},"9":{"start":{"line":24,"column":24},"end":{"line":24,"column":null}},"10":{"start":{"line":25,"column":4},"end":{"line":25,"column":null}},"11":{"start":{"line":28,"column":33},"end":{"line":29,"column":null}},"12":{"start":{"line":31,"column":2},"end":{"line":80,"column":null}},"13":{"start":{"line":48,"column":14},"end":{"line":51,"column":null}},"14":{"start":{"line":77,"column":25},"end":{"line":77,"column":null}}},"fnMap":{"0":{"name":"ViolationsPage","decl":{"start":{"line":11,"column":24},"end":{"line":11,"column":41}},"loc":{"start":{"line":11,"column":41},"end":{"line":82,"column":null}},"line":11},"1":{"name":"(anonymous_1)","decl":{"start":{"line":20,"column":25},"end":{"line":20,"column":31}},"loc":{"start":{"line":20,"column":31},"end":{"line":26,"column":5}},"line":20},"2":{"name":"(anonymous_2)","decl":{"start":{"line":47,"column":43},"end":{"line":47,"column":44}},"loc":{"start":{"line":48,"column":14},"end":{"line":51,"column":null}},"line":48},"3":{"name":"(anonymous_3)","decl":{"start":{"line":77,"column":19},"end":{"line":77,"column":25}},"loc":{"start":{"line":77,"column":25},"end":{"line":77,"column":null}},"line":77}},"branchMap":{"0":{"loc":{"start":{"line":22,"column":4},"end":{"line":22,"column":null}},"type":"if","locations":[{"start":{"line":22,"column":4},"end":{"line":22,"column":null}},{"start":{},"end":{}}],"line":22},"1":{"loc":{"start":{"line":23,"column":4},"end":{"line":23,"column":null}},"type":"if","locations":[{"start":{"line":23,"column":4},"end":{"line":23,"column":null}},{"start":{},"end":{}}],"line":23},"2":{"loc":{"start":{"line":24,"column":4},"end":{"line":24,"column":null}},"type":"if","locations":[{"start":{"line":24,"column":4},"end":{"line":24,"column":null}},{"start":{},"end":{}}],"line":24},"3":{"loc":{"start":{"line":25,"column":11},"end":{"line":25,"column":null}},"type":"cond-expr","locations":[{"start":{"line":25,"column":39},"end":{"line":25,"column":43}},{"start":{"line":25,"column":43},"end":{"line":25,"column":null}}],"line":25},"4":{"loc":{"start":{"line":44,"column":7},"end":{"line":54,"column":null}},"type":"binary-expr","locations":[{"start":{"line":44,"column":7},"end":{"line":44,"column":null}},{"start":{"line":45,"column":8},"end":{"line":54,"column":null}}],"line":44},"5":{"loc":{"start":{"line":57,"column":7},"end":{"line":64,"column":null}},"type":"binary-expr","locations":[{"start":{"line":57,"column":7},"end":{"line":57,"column":null}},{"start":{"line":58,"column":8},"end":{"line":64,"column":null}}],"line":57},"6":{"loc":{"start":{"line":61,"column":14},"end":{"line":62,"column":null}},"type":"binary-expr","locations":[{"start":{"line":61,"column":14},"end":{"line":61,"column":null}},{"start":{"line":62,"column":14},"end":{"line":62,"column":null}}],"line":61},"7":{"loc":{"start":{"line":67,"column":7},"end":{"line":71,"column":null}},"type":"binary-expr","locations":[{"start":{"line":67,"column":7},"end":{"line":67,"column":null}},{"start":{"line":68,"column":8},"end":{"line":71,"column":null}}],"line":67},"8":{"loc":{"start":{"line":74,"column":7},"end":{"line":78,"column":null}},"type":"binary-expr","locations":[{"start":{"line":74,"column":7},"end":{"line":74,"column":null}},{"start":{"line":75,"column":8},"end":{"line":78,"column":null}}],"line":74}},"s":{"0":5,"1":5,"2":5,"3":5,"4":5,"5":0,"6":5,"7":0,"8":5,"9":0,"10":5,"11":5,"12":5,"13":8,"14":0},"f":{"0":5,"1":5,"2":8,"3":0},"b":{"0":[0,5],"1":[0,5],"2":[0,5],"3":[0,5],"4":[5,1],"5":[5,1],"6":[1,0],"7":[5,1],"8":[5,0]},"meta":{"lastBranch":9,"lastFunction":4,"lastStatement":15,"seen":{"f:11:24:11:41":0,"s:12:28:16:Infinity":0,"s:17:30:18:Infinity":1,"s:20:8:26:Infinity":2,"f:20:25:20:31":1,"s:21:38:21:Infinity":3,"b:22:4:22:Infinity:undefined:undefined:undefined:undefined":0,"s:22:4:22:Infinity":4,"s:22:26:22:Infinity":5,"b:23:4:23:Infinity:undefined:undefined:undefined:undefined":1,"s:23:4:23:Infinity":6,"s:23:24:23:Infinity":7,"b:24:4:24:Infinity:undefined:undefined:undefined:undefined":2,"s:24:4:24:Infinity":8,"s:24:24:24:Infinity":9,"s:25:4:25:Infinity":10,"b:25:39:25:43:25:43:25:Infinity":3,"s:28:33:29:Infinity":11,"s:31:2:80:Infinity":12,"b:44:7:44:Infinity:45:8:54:Infinity":4,"f:47:43:47:44":2,"s:48:14:51:Infinity":13,"b:57:7:57:Infinity:58:8:64:Infinity":5,"b:61:14:61:Infinity:62:14:62:Infinity":6,"b:67:7:67:Infinity:68:8:71:Infinity":7,"b:74:7:74:Infinity:75:8:78:Infinity":8,"f:77:19:77:25":3,"s:77:25:77:Infinity":14}}}
}
